CRITICAL - 2022-11-16 12:09:54 --> Class 'CodeIgniter\Database\MySQL\Connection' not found
in SYSTEMPATH\Database\Database.php on line 136.
 1 SYSTEMPATH\Database\Database.php(56): CodeIgniter\Database\Database->initDriver('MySQL', 'CodeIgniter\\Database\\MySQL\\Connection', [...])
 2 SYSTEMPATH\Database\Config.php(82): CodeIgniter\Database\Database->load([...], 'default')
 3 SYSTEMPATH\Model.php(137): CodeIgniter\Database\Config::connect('default')
 4 APPPATH\Models\Students_model.php(14): CodeIgniter\Model->__construct()
 5 APPPATH\Controllers\Home.php(15): App\Models\Students_model->__construct()
 6 SYSTEMPATH\CodeIgniter.php(889): App\Controllers\Home->__construct()
 7 SYSTEMPATH\CodeIgniter.php(473): CodeIgniter\CodeIgniter->createController()
 8 SYSTEMPATH\CodeIgniter.php(351): CodeIgniter\CodeIgniter->handleRequest(null, Object(Config\Cache), false)
 9 FCPATH\index.php(67): CodeIgniter\CodeIgniter->run()
CRITICAL - 2022-11-16 12:17:22 --> Class 'CodeIgniter\Database\MySQL\Connection' not found
in SYSTEMPATH\Database\Database.php on line 136.
 1 SYSTEMPATH\Database\Database.php(56): CodeIgniter\Database\Database->initDriver('MySQL', 'CodeIgniter\\Database\\MySQL\\Connection', [...])
 2 SYSTEMPATH\Database\Config.php(82): CodeIgniter\Database\Database->load([...], 'default')
 3 SYSTEMPATH\Model.php(137): CodeIgniter\Database\Config::connect('default')
 4 APPPATH\Models\Students_model.php(14): CodeIgniter\Model->__construct()
 5 APPPATH\Controllers\Home.php(15): App\Models\Students_model->__construct()
 6 SYSTEMPATH\CodeIgniter.php(889): App\Controllers\Home->__construct()
 7 SYSTEMPATH\CodeIgniter.php(473): CodeIgniter\CodeIgniter->createController()
 8 SYSTEMPATH\CodeIgniter.php(351): CodeIgniter\CodeIgniter->handleRequest(null, Object(Config\Cache), false)
 9 FCPATH\index.php(67): CodeIgniter\CodeIgniter->run()
CRITICAL - 2022-11-16 12:17:22 --> Class 'CodeIgniter\Database\MySQL\Connection' not found
in SYSTEMPATH\Database\Database.php on line 136.
 1 SYSTEMPATH\Database\Database.php(56): CodeIgniter\Database\Database->initDriver('MySQL', 'CodeIgniter\\Database\\MySQL\\Connection', [...])
 2 SYSTEMPATH\Database\Config.php(82): CodeIgniter\Database\Database->load([...], 'default')
 3 SYSTEMPATH\Model.php(137): CodeIgniter\Database\Config::connect('default')
 4 APPPATH\Models\Students_model.php(14): CodeIgniter\Model->__construct()
 5 APPPATH\Controllers\Home.php(15): App\Models\Students_model->__construct()
 6 SYSTEMPATH\CodeIgniter.php(889): App\Controllers\Home->__construct()
 7 SYSTEMPATH\CodeIgniter.php(473): CodeIgniter\CodeIgniter->createController()
 8 SYSTEMPATH\CodeIgniter.php(351): CodeIgniter\CodeIgniter->handleRequest(null, Object(Config\Cache), false)
 9 FCPATH\index.php(67): CodeIgniter\CodeIgniter->run()
CRITICAL - 2022-11-16 12:17:23 --> Class 'CodeIgniter\Database\MySQL\Connection' not found
in SYSTEMPATH\Database\Database.php on line 136.
 1 SYSTEMPATH\Database\Database.php(56): CodeIgniter\Database\Database->initDriver('MySQL', 'CodeIgniter\\Database\\MySQL\\Connection', [...])
 2 SYSTEMPATH\Database\Config.php(82): CodeIgniter\Database\Database->load([...], 'default')
 3 SYSTEMPATH\Model.php(137): CodeIgniter\Database\Config::connect('default')
 4 APPPATH\Models\Students_model.php(14): CodeIgniter\Model->__construct()
 5 APPPATH\Controllers\Home.php(15): App\Models\Students_model->__construct()
 6 SYSTEMPATH\CodeIgniter.php(889): App\Controllers\Home->__construct()
 7 SYSTEMPATH\CodeIgniter.php(473): CodeIgniter\CodeIgniter->createController()
 8 SYSTEMPATH\CodeIgniter.php(351): CodeIgniter\CodeIgniter->handleRequest(null, Object(Config\Cache), false)
 9 FCPATH\index.php(67): CodeIgniter\CodeIgniter->run()
CRITICAL - 2022-11-16 12:17:23 --> Class 'CodeIgniter\Database\MySQL\Connection' not found
in SYSTEMPATH\Database\Database.php on line 136.
 1 SYSTEMPATH\Database\Database.php(56): CodeIgniter\Database\Database->initDriver('MySQL', 'CodeIgniter\\Database\\MySQL\\Connection', [...])
 2 SYSTEMPATH\Database\Config.php(82): CodeIgniter\Database\Database->load([...], 'default')
 3 SYSTEMPATH\Model.php(137): CodeIgniter\Database\Config::connect('default')
 4 APPPATH\Models\Students_model.php(14): CodeIgniter\Model->__construct()
 5 APPPATH\Controllers\Home.php(15): App\Models\Students_model->__construct()
 6 SYSTEMPATH\CodeIgniter.php(889): App\Controllers\Home->__construct()
 7 SYSTEMPATH\CodeIgniter.php(473): CodeIgniter\CodeIgniter->createController()
 8 SYSTEMPATH\CodeIgniter.php(351): CodeIgniter\CodeIgniter->handleRequest(null, Object(Config\Cache), false)
 9 FCPATH\index.php(67): CodeIgniter\CodeIgniter->run()
CRITICAL - 2022-11-16 12:19:14 --> Class 'CodeIgniter\Database\MySQL\Connection' not found
in SYSTEMPATH\Database\Database.php on line 136.
 1 SYSTEMPATH\Database\Database.php(56): CodeIgniter\Database\Database->initDriver('MySQL', 'CodeIgniter\\Database\\MySQL\\Connection', [...])
 2 SYSTEMPATH\Database\Config.php(82): CodeIgniter\Database\Database->load([...], 'default')
 3 SYSTEMPATH\Model.php(137): CodeIgniter\Database\Config::connect('default')
 4 APPPATH\Models\Students_model.php(14): CodeIgniter\Model->__construct()
 5 APPPATH\Controllers\Home.php(15): App\Models\Students_model->__construct()
 6 SYSTEMPATH\CodeIgniter.php(889): App\Controllers\Home->__construct()
 7 SYSTEMPATH\CodeIgniter.php(473): CodeIgniter\CodeIgniter->createController()
 8 SYSTEMPATH\CodeIgniter.php(351): CodeIgniter\CodeIgniter->handleRequest(null, Object(Config\Cache), false)
 9 FCPATH\index.php(67): CodeIgniter\CodeIgniter->run()
CRITICAL - 2022-11-16 12:24:05 --> Class 'CodeIgniter\Database\MySQL\Connection' not found
in SYSTEMPATH\Database\Database.php on line 136.
 1 SYSTEMPATH\Database\Database.php(56): CodeIgniter\Database\Database->initDriver('MySQL', 'CodeIgniter\\Database\\MySQL\\Connection', [...])
 2 SYSTEMPATH\Database\Config.php(82): CodeIgniter\Database\Database->load([...], 'default')
 3 SYSTEMPATH\Model.php(137): CodeIgniter\Database\Config::connect('default')
 4 APPPATH\Controllers\Home.php(15): CodeIgniter\Model->__construct()
 5 SYSTEMPATH\CodeIgniter.php(889): App\Controllers\Home->__construct()
 6 SYSTEMPATH\CodeIgniter.php(473): CodeIgniter\CodeIgniter->createController()
 7 SYSTEMPATH\CodeIgniter.php(351): CodeIgniter\CodeIgniter->handleRequest(null, Object(Config\Cache), false)
 8 FCPATH\index.php(67): CodeIgniter\CodeIgniter->run()
CRITICAL - 2022-11-16 12:24:05 --> Class 'CodeIgniter\Database\MySQL\Connection' not found
in SYSTEMPATH\Database\Database.php on line 136.
 1 SYSTEMPATH\Database\Database.php(56): CodeIgniter\Database\Database->initDriver('MySQL', 'CodeIgniter\\Database\\MySQL\\Connection', [...])
 2 SYSTEMPATH\Database\Config.php(82): CodeIgniter\Database\Database->load([...], 'default')
 3 SYSTEMPATH\Model.php(137): CodeIgniter\Database\Config::connect('default')
 4 APPPATH\Controllers\Home.php(15): CodeIgniter\Model->__construct()
 5 SYSTEMPATH\CodeIgniter.php(889): App\Controllers\Home->__construct()
 6 SYSTEMPATH\CodeIgniter.php(473): CodeIgniter\CodeIgniter->createController()
 7 SYSTEMPATH\CodeIgniter.php(351): CodeIgniter\CodeIgniter->handleRequest(null, Object(Config\Cache), false)
 8 FCPATH\index.php(67): CodeIgniter\CodeIgniter->run()
CRITICAL - 2022-11-16 12:24:06 --> Class 'CodeIgniter\Database\MySQL\Connection' not found
in SYSTEMPATH\Database\Database.php on line 136.
 1 SYSTEMPATH\Database\Database.php(56): CodeIgniter\Database\Database->initDriver('MySQL', 'CodeIgniter\\Database\\MySQL\\Connection', [...])
 2 SYSTEMPATH\Database\Config.php(82): CodeIgniter\Database\Database->load([...], 'default')
 3 SYSTEMPATH\Model.php(137): CodeIgniter\Database\Config::connect('default')
 4 APPPATH\Controllers\Home.php(15): CodeIgniter\Model->__construct()
 5 SYSTEMPATH\CodeIgniter.php(889): App\Controllers\Home->__construct()
 6 SYSTEMPATH\CodeIgniter.php(473): CodeIgniter\CodeIgniter->createController()
 7 SYSTEMPATH\CodeIgniter.php(351): CodeIgniter\CodeIgniter->handleRequest(null, Object(Config\Cache), false)
 8 FCPATH\index.php(67): CodeIgniter\CodeIgniter->run()
CRITICAL - 2022-11-16 12:24:06 --> Class 'CodeIgniter\Database\MySQL\Connection' not found
in SYSTEMPATH\Database\Database.php on line 136.
 1 SYSTEMPATH\Database\Database.php(56): CodeIgniter\Database\Database->initDriver('MySQL', 'CodeIgniter\\Database\\MySQL\\Connection', [...])
 2 SYSTEMPATH\Database\Config.php(82): CodeIgniter\Database\Database->load([...], 'default')
 3 SYSTEMPATH\Model.php(137): CodeIgniter\Database\Config::connect('default')
 4 APPPATH\Controllers\Home.php(15): CodeIgniter\Model->__construct()
 5 SYSTEMPATH\CodeIgniter.php(889): App\Controllers\Home->__construct()
 6 SYSTEMPATH\CodeIgniter.php(473): CodeIgniter\CodeIgniter->createController()
 7 SYSTEMPATH\CodeIgniter.php(351): CodeIgniter\CodeIgniter->handleRequest(null, Object(Config\Cache), false)
 8 FCPATH\index.php(67): CodeIgniter\CodeIgniter->run()
CRITICAL - 2022-11-16 12:24:06 --> Class 'CodeIgniter\Database\MySQL\Connection' not found
in SYSTEMPATH\Database\Database.php on line 136.
 1 SYSTEMPATH\Database\Database.php(56): CodeIgniter\Database\Database->initDriver('MySQL', 'CodeIgniter\\Database\\MySQL\\Connection', [...])
 2 SYSTEMPATH\Database\Config.php(82): CodeIgniter\Database\Database->load([...], 'default')
 3 SYSTEMPATH\Model.php(137): CodeIgniter\Database\Config::connect('default')
 4 APPPATH\Controllers\Home.php(15): CodeIgniter\Model->__construct()
 5 SYSTEMPATH\CodeIgniter.php(889): App\Controllers\Home->__construct()
 6 SYSTEMPATH\CodeIgniter.php(473): CodeIgniter\CodeIgniter->createController()
 7 SYSTEMPATH\CodeIgniter.php(351): CodeIgniter\CodeIgniter->handleRequest(null, Object(Config\Cache), false)
 8 FCPATH\index.php(67): CodeIgniter\CodeIgniter->run()
CRITICAL - 2022-11-16 12:24:07 --> Class 'CodeIgniter\Database\MySQL\Connection' not found
in SYSTEMPATH\Database\Database.php on line 136.
 1 SYSTEMPATH\Database\Database.php(56): CodeIgniter\Database\Database->initDriver('MySQL', 'CodeIgniter\\Database\\MySQL\\Connection', [...])
 2 SYSTEMPATH\Database\Config.php(82): CodeIgniter\Database\Database->load([...], 'default')
 3 SYSTEMPATH\Model.php(137): CodeIgniter\Database\Config::connect('default')
 4 APPPATH\Controllers\Home.php(15): CodeIgniter\Model->__construct()
 5 SYSTEMPATH\CodeIgniter.php(889): App\Controllers\Home->__construct()
 6 SYSTEMPATH\CodeIgniter.php(473): CodeIgniter\CodeIgniter->createController()
 7 SYSTEMPATH\CodeIgniter.php(351): CodeIgniter\CodeIgniter->handleRequest(null, Object(Config\Cache), false)
 8 FCPATH\index.php(67): CodeIgniter\CodeIgniter->run()
ERROR - 2022-11-16 12:27:44 --> mysqli_sql_exception: You have an error in your SQL syntax; check the manual that corresponds to your MySQL server version for the right syntax to use near ':idTeacher' at line 1 in C:\Users\loicr\IdeaProjects\PHP\system\Database\MySQLi\Connection.php:292
Stack trace:
#0 C:\Users\loicr\IdeaProjects\PHP\system\Database\MySQLi\Connection.php(292): mysqli->query('SELECT * FROM s...', 0)
#1 C:\Users\loicr\IdeaProjects\PHP\system\Database\BaseConnection.php(666): CodeIgniter\Database\MySQLi\Connection->execute('SELECT * FROM s...')
#2 C:\Users\loicr\IdeaProjects\PHP\system\Database\BaseConnection.php(593): CodeIgniter\Database\BaseConnection->simpleQuery('SELECT * FROM s...')
#3 C:\Users\loicr\IdeaProjects\PHP\app\Models\Students_model.php(24): CodeIgniter\Database\BaseConnection->query('SELECT * FROM s...', Array)
#4 C:\Users\loicr\IdeaProjects\PHP\app\Controllers\Home.php(33): App\Models\Students_model->get_students(1)
#5 C:\Users\loicr\IdeaProjects\PHP\system\CodeIgniter.php(927): App\Controllers\Home->getStudents()
#6 C:\Users\loicr\IdeaProjects\PHP\system\CodeIgniter.php(482): CodeIgniter\CodeIgniter->runController(Object(App\Controllers\Home))
#7 C:\Users\loicr\IdeaProjects\PHP\system\CodeIgniter.php(351): CodeIgniter\CodeIgniter->handleRequest(NULL, Object(Config\Cache), false)
#8 C:\Users\loicr\IdeaProjects\PHP\public\index.php(67): CodeIgniter\CodeIgniter->run()
#9 {main}
CRITICAL - 2022-11-16 12:27:44 --> You have an error in your SQL syntax; check the manual that corresponds to your MySQL server version for the right syntax to use near ':idTeacher' at line 1
in SYSTEMPATH\Database\MySQLi\Connection.php on line 292.
 1 SYSTEMPATH\Database\MySQLi\Connection.php(292): mysqli->query('SELECT * FROM students where idTeacher_fk= :idTeacher', 0)
 2 SYSTEMPATH\Database\BaseConnection.php(666): CodeIgniter\Database\MySQLi\Connection->execute('SELECT * FROM students where idTeacher_fk= :idTeacher')
 3 SYSTEMPATH\Database\BaseConnection.php(593): CodeIgniter\Database\BaseConnection->simpleQuery('SELECT * FROM students where idTeacher_fk= :idTeacher')
 4 APPPATH\Models\Students_model.php(24): CodeIgniter\Database\BaseConnection->query('SELECT * FROM students where idTeacher_fk= :idTeacher', [...])
 5 APPPATH\Controllers\Home.php(33): App\Models\Students_model->get_students(1)
 6 SYSTEMPATH\CodeIgniter.php(927): App\Controllers\Home->getStudents()
 7 SYSTEMPATH\CodeIgniter.php(482): CodeIgniter\CodeIgniter->runController(Object(App\Controllers\Home))
 8 SYSTEMPATH\CodeIgniter.php(351): CodeIgniter\CodeIgniter->handleRequest(null, Object(Config\Cache), false)
 9 FCPATH\index.php(67): CodeIgniter\CodeIgniter->run()
ERROR - 2022-11-16 12:28:15 --> mysqli_sql_exception: You have an error in your SQL syntax; check the manual that corresponds to your MySQL server version for the right syntax to use near ':idTeacher' at line 1 in C:\Users\loicr\IdeaProjects\PHP\system\Database\MySQLi\Connection.php:292
Stack trace:
#0 C:\Users\loicr\IdeaProjects\PHP\system\Database\MySQLi\Connection.php(292): mysqli->query('SELECT * FROM s...', 0)
#1 C:\Users\loicr\IdeaProjects\PHP\system\Database\BaseConnection.php(666): CodeIgniter\Database\MySQLi\Connection->execute('SELECT * FROM s...')
#2 C:\Users\loicr\IdeaProjects\PHP\system\Database\BaseConnection.php(593): CodeIgniter\Database\BaseConnection->simpleQuery('SELECT * FROM s...')
#3 C:\Users\loicr\IdeaProjects\PHP\app\Models\Students_model.php(24): CodeIgniter\Database\BaseConnection->query('SELECT * FROM s...', Array)
#4 C:\Users\loicr\IdeaProjects\PHP\app\Controllers\Home.php(33): App\Models\Students_model->get_students(1)
#5 C:\Users\loicr\IdeaProjects\PHP\system\CodeIgniter.php(927): App\Controllers\Home->getStudents()
#6 C:\Users\loicr\IdeaProjects\PHP\system\CodeIgniter.php(482): CodeIgniter\CodeIgniter->runController(Object(App\Controllers\Home))
#7 C:\Users\loicr\IdeaProjects\PHP\system\CodeIgniter.php(351): CodeIgniter\CodeIgniter->handleRequest(NULL, Object(Config\Cache), false)
#8 C:\Users\loicr\IdeaProjects\PHP\public\index.php(67): CodeIgniter\CodeIgniter->run()
#9 {main}
CRITICAL - 2022-11-16 12:28:15 --> You have an error in your SQL syntax; check the manual that corresponds to your MySQL server version for the right syntax to use near ':idTeacher' at line 1
in SYSTEMPATH\Database\MySQLi\Connection.php on line 292.
 1 SYSTEMPATH\Database\MySQLi\Connection.php(292): mysqli->query('SELECT * FROM students where idTeacher_fk= :idTeacher', 0)
 2 SYSTEMPATH\Database\BaseConnection.php(666): CodeIgniter\Database\MySQLi\Connection->execute('SELECT * FROM students where idTeacher_fk= :idTeacher')
 3 SYSTEMPATH\Database\BaseConnection.php(593): CodeIgniter\Database\BaseConnection->simpleQuery('SELECT * FROM students where idTeacher_fk= :idTeacher')
 4 APPPATH\Models\Students_model.php(24): CodeIgniter\Database\BaseConnection->query('SELECT * FROM students where idTeacher_fk= :idTeacher', [...])
 5 APPPATH\Controllers\Home.php(33): App\Models\Students_model->get_students(1)
 6 SYSTEMPATH\CodeIgniter.php(927): App\Controllers\Home->getStudents()
 7 SYSTEMPATH\CodeIgniter.php(482): CodeIgniter\CodeIgniter->runController(Object(App\Controllers\Home))
 8 SYSTEMPATH\CodeIgniter.php(351): CodeIgniter\CodeIgniter->handleRequest(null, Object(Config\Cache), false)
 9 FCPATH\index.php(67): CodeIgniter\CodeIgniter->run()
ERROR - 2022-11-16 12:28:16 --> mysqli_sql_exception: You have an error in your SQL syntax; check the manual that corresponds to your MySQL server version for the right syntax to use near ':idTeacher' at line 1 in C:\Users\loicr\IdeaProjects\PHP\system\Database\MySQLi\Connection.php:292
Stack trace:
#0 C:\Users\loicr\IdeaProjects\PHP\system\Database\MySQLi\Connection.php(292): mysqli->query('SELECT * FROM s...', 0)
#1 C:\Users\loicr\IdeaProjects\PHP\system\Database\BaseConnection.php(666): CodeIgniter\Database\MySQLi\Connection->execute('SELECT * FROM s...')
#2 C:\Users\loicr\IdeaProjects\PHP\system\Database\BaseConnection.php(593): CodeIgniter\Database\BaseConnection->simpleQuery('SELECT * FROM s...')
#3 C:\Users\loicr\IdeaProjects\PHP\app\Models\Students_model.php(24): CodeIgniter\Database\BaseConnection->query('SELECT * FROM s...', Array)
#4 C:\Users\loicr\IdeaProjects\PHP\app\Controllers\Home.php(33): App\Models\Students_model->get_students(1)
#5 C:\Users\loicr\IdeaProjects\PHP\system\CodeIgniter.php(927): App\Controllers\Home->getStudents()
#6 C:\Users\loicr\IdeaProjects\PHP\system\CodeIgniter.php(482): CodeIgniter\CodeIgniter->runController(Object(App\Controllers\Home))
#7 C:\Users\loicr\IdeaProjects\PHP\system\CodeIgniter.php(351): CodeIgniter\CodeIgniter->handleRequest(NULL, Object(Config\Cache), false)
#8 C:\Users\loicr\IdeaProjects\PHP\public\index.php(67): CodeIgniter\CodeIgniter->run()
#9 {main}
CRITICAL - 2022-11-16 12:28:16 --> You have an error in your SQL syntax; check the manual that corresponds to your MySQL server version for the right syntax to use near ':idTeacher' at line 1
in SYSTEMPATH\Database\MySQLi\Connection.php on line 292.
 1 SYSTEMPATH\Database\MySQLi\Connection.php(292): mysqli->query('SELECT * FROM students where idTeacher_fk= :idTeacher', 0)
 2 SYSTEMPATH\Database\BaseConnection.php(666): CodeIgniter\Database\MySQLi\Connection->execute('SELECT * FROM students where idTeacher_fk= :idTeacher')
 3 SYSTEMPATH\Database\BaseConnection.php(593): CodeIgniter\Database\BaseConnection->simpleQuery('SELECT * FROM students where idTeacher_fk= :idTeacher')
 4 APPPATH\Models\Students_model.php(24): CodeIgniter\Database\BaseConnection->query('SELECT * FROM students where idTeacher_fk= :idTeacher', [...])
 5 APPPATH\Controllers\Home.php(33): App\Models\Students_model->get_students(1)
 6 SYSTEMPATH\CodeIgniter.php(927): App\Controllers\Home->getStudents()
 7 SYSTEMPATH\CodeIgniter.php(482): CodeIgniter\CodeIgniter->runController(Object(App\Controllers\Home))
 8 SYSTEMPATH\CodeIgniter.php(351): CodeIgniter\CodeIgniter->handleRequest(null, Object(Config\Cache), false)
 9 FCPATH\index.php(67): CodeIgniter\CodeIgniter->run()
ERROR - 2022-11-16 12:28:17 --> mysqli_sql_exception: You have an error in your SQL syntax; check the manual that corresponds to your MySQL server version for the right syntax to use near ':idTeacher' at line 1 in C:\Users\loicr\IdeaProjects\PHP\system\Database\MySQLi\Connection.php:292
Stack trace:
#0 C:\Users\loicr\IdeaProjects\PHP\system\Database\MySQLi\Connection.php(292): mysqli->query('SELECT * FROM s...', 0)
#1 C:\Users\loicr\IdeaProjects\PHP\system\Database\BaseConnection.php(666): CodeIgniter\Database\MySQLi\Connection->execute('SELECT * FROM s...')
#2 C:\Users\loicr\IdeaProjects\PHP\system\Database\BaseConnection.php(593): CodeIgniter\Database\BaseConnection->simpleQuery('SELECT * FROM s...')
#3 C:\Users\loicr\IdeaProjects\PHP\app\Models\Students_model.php(24): CodeIgniter\Database\BaseConnection->query('SELECT * FROM s...', Array)
#4 C:\Users\loicr\IdeaProjects\PHP\app\Controllers\Home.php(33): App\Models\Students_model->get_students(1)
#5 C:\Users\loicr\IdeaProjects\PHP\system\CodeIgniter.php(927): App\Controllers\Home->getStudents()
#6 C:\Users\loicr\IdeaProjects\PHP\system\CodeIgniter.php(482): CodeIgniter\CodeIgniter->runController(Object(App\Controllers\Home))
#7 C:\Users\loicr\IdeaProjects\PHP\system\CodeIgniter.php(351): CodeIgniter\CodeIgniter->handleRequest(NULL, Object(Config\Cache), false)
#8 C:\Users\loicr\IdeaProjects\PHP\public\index.php(67): CodeIgniter\CodeIgniter->run()
#9 {main}
CRITICAL - 2022-11-16 12:28:17 --> You have an error in your SQL syntax; check the manual that corresponds to your MySQL server version for the right syntax to use near ':idTeacher' at line 1
in SYSTEMPATH\Database\MySQLi\Connection.php on line 292.
 1 SYSTEMPATH\Database\MySQLi\Connection.php(292): mysqli->query('SELECT * FROM students where idTeacher_fk= :idTeacher', 0)
 2 SYSTEMPATH\Database\BaseConnection.php(666): CodeIgniter\Database\MySQLi\Connection->execute('SELECT * FROM students where idTeacher_fk= :idTeacher')
 3 SYSTEMPATH\Database\BaseConnection.php(593): CodeIgniter\Database\BaseConnection->simpleQuery('SELECT * FROM students where idTeacher_fk= :idTeacher')
 4 APPPATH\Models\Students_model.php(24): CodeIgniter\Database\BaseConnection->query('SELECT * FROM students where idTeacher_fk= :idTeacher', [...])
 5 APPPATH\Controllers\Home.php(33): App\Models\Students_model->get_students(1)
 6 SYSTEMPATH\CodeIgniter.php(927): App\Controllers\Home->getStudents()
 7 SYSTEMPATH\CodeIgniter.php(482): CodeIgniter\CodeIgniter->runController(Object(App\Controllers\Home))
 8 SYSTEMPATH\CodeIgniter.php(351): CodeIgniter\CodeIgniter->handleRequest(null, Object(Config\Cache), false)
 9 FCPATH\index.php(67): CodeIgniter\CodeIgniter->run()
ERROR - 2022-11-16 12:28:17 --> mysqli_sql_exception: You have an error in your SQL syntax; check the manual that corresponds to your MySQL server version for the right syntax to use near ':idTeacher' at line 1 in C:\Users\loicr\IdeaProjects\PHP\system\Database\MySQLi\Connection.php:292
Stack trace:
#0 C:\Users\loicr\IdeaProjects\PHP\system\Database\MySQLi\Connection.php(292): mysqli->query('SELECT * FROM s...', 0)
#1 C:\Users\loicr\IdeaProjects\PHP\system\Database\BaseConnection.php(666): CodeIgniter\Database\MySQLi\Connection->execute('SELECT * FROM s...')
#2 C:\Users\loicr\IdeaProjects\PHP\system\Database\BaseConnection.php(593): CodeIgniter\Database\BaseConnection->simpleQuery('SELECT * FROM s...')
#3 C:\Users\loicr\IdeaProjects\PHP\app\Models\Students_model.php(24): CodeIgniter\Database\BaseConnection->query('SELECT * FROM s...', Array)
#4 C:\Users\loicr\IdeaProjects\PHP\app\Controllers\Home.php(33): App\Models\Students_model->get_students(1)
#5 C:\Users\loicr\IdeaProjects\PHP\system\CodeIgniter.php(927): App\Controllers\Home->getStudents()
#6 C:\Users\loicr\IdeaProjects\PHP\system\CodeIgniter.php(482): CodeIgniter\CodeIgniter->runController(Object(App\Controllers\Home))
#7 C:\Users\loicr\IdeaProjects\PHP\system\CodeIgniter.php(351): CodeIgniter\CodeIgniter->handleRequest(NULL, Object(Config\Cache), false)
#8 C:\Users\loicr\IdeaProjects\PHP\public\index.php(67): CodeIgniter\CodeIgniter->run()
#9 {main}
CRITICAL - 2022-11-16 12:28:17 --> You have an error in your SQL syntax; check the manual that corresponds to your MySQL server version for the right syntax to use near ':idTeacher' at line 1
in SYSTEMPATH\Database\MySQLi\Connection.php on line 292.
 1 SYSTEMPATH\Database\MySQLi\Connection.php(292): mysqli->query('SELECT * FROM students where idTeacher_fk= :idTeacher', 0)
 2 SYSTEMPATH\Database\BaseConnection.php(666): CodeIgniter\Database\MySQLi\Connection->execute('SELECT * FROM students where idTeacher_fk= :idTeacher')
 3 SYSTEMPATH\Database\BaseConnection.php(593): CodeIgniter\Database\BaseConnection->simpleQuery('SELECT * FROM students where idTeacher_fk= :idTeacher')
 4 APPPATH\Models\Students_model.php(24): CodeIgniter\Database\BaseConnection->query('SELECT * FROM students where idTeacher_fk= :idTeacher', [...])
 5 APPPATH\Controllers\Home.php(33): App\Models\Students_model->get_students(1)
 6 SYSTEMPATH\CodeIgniter.php(927): App\Controllers\Home->getStudents()
 7 SYSTEMPATH\CodeIgniter.php(482): CodeIgniter\CodeIgniter->runController(Object(App\Controllers\Home))
 8 SYSTEMPATH\CodeIgniter.php(351): CodeIgniter\CodeIgniter->handleRequest(null, Object(Config\Cache), false)
 9 FCPATH\index.php(67): CodeIgniter\CodeIgniter->run()
ERROR - 2022-11-16 12:28:17 --> mysqli_sql_exception: You have an error in your SQL syntax; check the manual that corresponds to your MySQL server version for the right syntax to use near ':idTeacher' at line 1 in C:\Users\loicr\IdeaProjects\PHP\system\Database\MySQLi\Connection.php:292
Stack trace:
#0 C:\Users\loicr\IdeaProjects\PHP\system\Database\MySQLi\Connection.php(292): mysqli->query('SELECT * FROM s...', 0)
#1 C:\Users\loicr\IdeaProjects\PHP\system\Database\BaseConnection.php(666): CodeIgniter\Database\MySQLi\Connection->execute('SELECT * FROM s...')
#2 C:\Users\loicr\IdeaProjects\PHP\system\Database\BaseConnection.php(593): CodeIgniter\Database\BaseConnection->simpleQuery('SELECT * FROM s...')
#3 C:\Users\loicr\IdeaProjects\PHP\app\Models\Students_model.php(24): CodeIgniter\Database\BaseConnection->query('SELECT * FROM s...', Array)
#4 C:\Users\loicr\IdeaProjects\PHP\app\Controllers\Home.php(33): App\Models\Students_model->get_students(1)
#5 C:\Users\loicr\IdeaProjects\PHP\system\CodeIgniter.php(927): App\Controllers\Home->getStudents()
#6 C:\Users\loicr\IdeaProjects\PHP\system\CodeIgniter.php(482): CodeIgniter\CodeIgniter->runController(Object(App\Controllers\Home))
#7 C:\Users\loicr\IdeaProjects\PHP\system\CodeIgniter.php(351): CodeIgniter\CodeIgniter->handleRequest(NULL, Object(Config\Cache), false)
#8 C:\Users\loicr\IdeaProjects\PHP\public\index.php(67): CodeIgniter\CodeIgniter->run()
#9 {main}
CRITICAL - 2022-11-16 12:28:17 --> You have an error in your SQL syntax; check the manual that corresponds to your MySQL server version for the right syntax to use near ':idTeacher' at line 1
in SYSTEMPATH\Database\MySQLi\Connection.php on line 292.
 1 SYSTEMPATH\Database\MySQLi\Connection.php(292): mysqli->query('SELECT * FROM students where idTeacher_fk= :idTeacher', 0)
 2 SYSTEMPATH\Database\BaseConnection.php(666): CodeIgniter\Database\MySQLi\Connection->execute('SELECT * FROM students where idTeacher_fk= :idTeacher')
 3 SYSTEMPATH\Database\BaseConnection.php(593): CodeIgniter\Database\BaseConnection->simpleQuery('SELECT * FROM students where idTeacher_fk= :idTeacher')
 4 APPPATH\Models\Students_model.php(24): CodeIgniter\Database\BaseConnection->query('SELECT * FROM students where idTeacher_fk= :idTeacher', [...])
 5 APPPATH\Controllers\Home.php(33): App\Models\Students_model->get_students(1)
 6 SYSTEMPATH\CodeIgniter.php(927): App\Controllers\Home->getStudents()
 7 SYSTEMPATH\CodeIgniter.php(482): CodeIgniter\CodeIgniter->runController(Object(App\Controllers\Home))
 8 SYSTEMPATH\CodeIgniter.php(351): CodeIgniter\CodeIgniter->handleRequest(null, Object(Config\Cache), false)
 9 FCPATH\index.php(67): CodeIgniter\CodeIgniter->run()
CRITICAL - 2022-11-16 13:29:48 --> Use of undefined constant ‘idTeacher’ - assumed '‘idTeacher’' (this will throw an Error in a future version of PHP)
in APPPATH\Controllers\Home.php on line 33.
 1 APPPATH\Controllers\Home.php(33): CodeIgniter\Debug\Exceptions->errorHandler(2, 'Use of undefined constant ‘idTeacher’ - assumed \'‘idTeacher’\' (this will throw an Error in a future version of PHP)', 'APPPATH\\Controllers\\Home.php', 33, [...])
 2 SYSTEMPATH\CodeIgniter.php(927): App\Controllers\Home->getStudents()
 3 SYSTEMPATH\CodeIgniter.php(482): CodeIgniter\CodeIgniter->runController(Object(App\Controllers\Home))
 4 SYSTEMPATH\CodeIgniter.php(351): CodeIgniter\CodeIgniter->handleRequest(null, Object(Config\Cache), false)
 5 FCPATH\index.php(67): CodeIgniter\CodeIgniter->run()
CRITICAL - 2022-11-16 13:31:23 --> Undefined offset: 1
in APPPATH\Controllers\Home.php on line 33.
 1 APPPATH\Controllers\Home.php(33): CodeIgniter\Debug\Exceptions->errorHandler(8, 'Undefined offset: 1', 'APPPATH\\Controllers\\Home.php', 33, [...])
 2 SYSTEMPATH\CodeIgniter.php(927): App\Controllers\Home->getStudents()
 3 SYSTEMPATH\CodeIgniter.php(482): CodeIgniter\CodeIgniter->runController(Object(App\Controllers\Home))
 4 SYSTEMPATH\CodeIgniter.php(351): CodeIgniter\CodeIgniter->handleRequest(null, Object(Config\Cache), false)
 5 FCPATH\index.php(67): CodeIgniter\CodeIgniter->run()
CRITICAL - 2022-11-16 13:32:44 --> Undefined index: idTeacher
in APPPATH\Controllers\Home.php on line 33.
 1 APPPATH\Controllers\Home.php(33): CodeIgniter\Debug\Exceptions->errorHandler(8, 'Undefined index: idTeacher', 'APPPATH\\Controllers\\Home.php', 33, [...])
 2 SYSTEMPATH\CodeIgniter.php(927): App\Controllers\Home->getStudents()
 3 SYSTEMPATH\CodeIgniter.php(482): CodeIgniter\CodeIgniter->runController(Object(App\Controllers\Home))
 4 SYSTEMPATH\CodeIgniter.php(351): CodeIgniter\CodeIgniter->handleRequest(null, Object(Config\Cache), false)
 5 FCPATH\index.php(67): CodeIgniter\CodeIgniter->run()
CRITICAL - 2022-11-16 13:32:45 --> Undefined index: idTeacher
in APPPATH\Controllers\Home.php on line 33.
 1 APPPATH\Controllers\Home.php(33): CodeIgniter\Debug\Exceptions->errorHandler(8, 'Undefined index: idTeacher', 'APPPATH\\Controllers\\Home.php', 33, [...])
 2 SYSTEMPATH\CodeIgniter.php(927): App\Controllers\Home->getStudents()
 3 SYSTEMPATH\CodeIgniter.php(482): CodeIgniter\CodeIgniter->runController(Object(App\Controllers\Home))
 4 SYSTEMPATH\CodeIgniter.php(351): CodeIgniter\CodeIgniter->handleRequest(null, Object(Config\Cache), false)
 5 FCPATH\index.php(67): CodeIgniter\CodeIgniter->run()
CRITICAL - 2022-11-16 13:32:45 --> Undefined index: idTeacher
in APPPATH\Controllers\Home.php on line 33.
 1 APPPATH\Controllers\Home.php(33): CodeIgniter\Debug\Exceptions->errorHandler(8, 'Undefined index: idTeacher', 'APPPATH\\Controllers\\Home.php', 33, [...])
 2 SYSTEMPATH\CodeIgniter.php(927): App\Controllers\Home->getStudents()
 3 SYSTEMPATH\CodeIgniter.php(482): CodeIgniter\CodeIgniter->runController(Object(App\Controllers\Home))
 4 SYSTEMPATH\CodeIgniter.php(351): CodeIgniter\CodeIgniter->handleRequest(null, Object(Config\Cache), false)
 5 FCPATH\index.php(67): CodeIgniter\CodeIgniter->run()
CRITICAL - 2022-11-16 13:32:46 --> Undefined index: idTeacher
in APPPATH\Controllers\Home.php on line 33.
 1 APPPATH\Controllers\Home.php(33): CodeIgniter\Debug\Exceptions->errorHandler(8, 'Undefined index: idTeacher', 'APPPATH\\Controllers\\Home.php', 33, [...])
 2 SYSTEMPATH\CodeIgniter.php(927): App\Controllers\Home->getStudents()
 3 SYSTEMPATH\CodeIgniter.php(482): CodeIgniter\CodeIgniter->runController(Object(App\Controllers\Home))
 4 SYSTEMPATH\CodeIgniter.php(351): CodeIgniter\CodeIgniter->handleRequest(null, Object(Config\Cache), false)
 5 FCPATH\index.php(67): CodeIgniter\CodeIgniter->run()
CRITICAL - 2022-11-16 13:32:46 --> Undefined index: idTeacher
in APPPATH\Controllers\Home.php on line 33.
 1 APPPATH\Controllers\Home.php(33): CodeIgniter\Debug\Exceptions->errorHandler(8, 'Undefined index: idTeacher', 'APPPATH\\Controllers\\Home.php', 33, [...])
 2 SYSTEMPATH\CodeIgniter.php(927): App\Controllers\Home->getStudents()
 3 SYSTEMPATH\CodeIgniter.php(482): CodeIgniter\CodeIgniter->runController(Object(App\Controllers\Home))
 4 SYSTEMPATH\CodeIgniter.php(351): CodeIgniter\CodeIgniter->handleRequest(null, Object(Config\Cache), false)
 5 FCPATH\index.php(67): CodeIgniter\CodeIgniter->run()
CRITICAL - 2022-11-16 13:38:05 --> Too few arguments to function App\Controllers\Home::getStudents(), 0 passed in C:\Users\loicr\IdeaProjects\PHP\system\CodeIgniter.php on line 927 and exactly 1 expected
in APPPATH\Controllers\Home.php on line 31.
 1 SYSTEMPATH\CodeIgniter.php(927): App\Controllers\Home->getStudents()
 2 SYSTEMPATH\CodeIgniter.php(482): CodeIgniter\CodeIgniter->runController(Object(App\Controllers\Home))
 3 SYSTEMPATH\CodeIgniter.php(351): CodeIgniter\CodeIgniter->handleRequest(null, Object(Config\Cache), false)
 4 FCPATH\index.php(67): CodeIgniter\CodeIgniter->run()
CRITICAL - 2022-11-16 13:39:36 --> Too few arguments to function App\Controllers\Home::getStudents(), 0 passed in C:\Users\loicr\IdeaProjects\PHP\system\CodeIgniter.php on line 927 and exactly 1 expected
in APPPATH\Controllers\Home.php on line 31.
 1 SYSTEMPATH\CodeIgniter.php(927): App\Controllers\Home->getStudents()
 2 SYSTEMPATH\CodeIgniter.php(482): CodeIgniter\CodeIgniter->runController(Object(App\Controllers\Home))
 3 SYSTEMPATH\CodeIgniter.php(351): CodeIgniter\CodeIgniter->handleRequest(null, Object(Config\Cache), false)
 4 FCPATH\index.php(67): CodeIgniter\CodeIgniter->run()
CRITICAL - 2022-11-16 13:41:29 --> Too few arguments to function App\Controllers\Home::getStudents(), 0 passed in C:\Users\loicr\IdeaProjects\PHP\system\CodeIgniter.php on line 927 and exactly 1 expected
in APPPATH\Controllers\Home.php on line 31.
 1 SYSTEMPATH\CodeIgniter.php(927): App\Controllers\Home->getStudents()
 2 SYSTEMPATH\CodeIgniter.php(482): CodeIgniter\CodeIgniter->runController(Object(App\Controllers\Home))
 3 SYSTEMPATH\CodeIgniter.php(351): CodeIgniter\CodeIgniter->handleRequest(null, Object(Config\Cache), false)
 4 FCPATH\index.php(67): CodeIgniter\CodeIgniter->run()
CRITICAL - 2022-11-16 13:41:34 --> Too few arguments to function App\Controllers\Home::getStudents(), 0 passed in C:\Users\loicr\IdeaProjects\PHP\system\CodeIgniter.php on line 927 and exactly 1 expected
in APPPATH\Controllers\Home.php on line 31.
 1 SYSTEMPATH\CodeIgniter.php(927): App\Controllers\Home->getStudents()
 2 SYSTEMPATH\CodeIgniter.php(482): CodeIgniter\CodeIgniter->runController(Object(App\Controllers\Home))
 3 SYSTEMPATH\CodeIgniter.php(351): CodeIgniter\CodeIgniter->handleRequest(null, Object(Config\Cache), false)
 4 FCPATH\index.php(67): CodeIgniter\CodeIgniter->run()
CRITICAL - 2022-11-16 13:41:34 --> Too few arguments to function App\Controllers\Home::getStudents(), 0 passed in C:\Users\loicr\IdeaProjects\PHP\system\CodeIgniter.php on line 927 and exactly 1 expected
in APPPATH\Controllers\Home.php on line 31.
 1 SYSTEMPATH\CodeIgniter.php(927): App\Controllers\Home->getStudents()
 2 SYSTEMPATH\CodeIgniter.php(482): CodeIgniter\CodeIgniter->runController(Object(App\Controllers\Home))
 3 SYSTEMPATH\CodeIgniter.php(351): CodeIgniter\CodeIgniter->handleRequest(null, Object(Config\Cache), false)
 4 FCPATH\index.php(67): CodeIgniter\CodeIgniter->run()
CRITICAL - 2022-11-16 13:42:07 --> Too few arguments to function App\Controllers\Home::getStudents(), 0 passed in C:\Users\loicr\IdeaProjects\PHP\system\CodeIgniter.php on line 927 and exactly 1 expected
in APPPATH\Controllers\Home.php on line 31.
 1 SYSTEMPATH\CodeIgniter.php(927): App\Controllers\Home->getStudents()
 2 SYSTEMPATH\CodeIgniter.php(482): CodeIgniter\CodeIgniter->runController(Object(App\Controllers\Home))
 3 SYSTEMPATH\CodeIgniter.php(351): CodeIgniter\CodeIgniter->handleRequest(null, Object(Config\Cache), false)
 4 FCPATH\index.php(67): CodeIgniter\CodeIgniter->run()
CRITICAL - 2022-11-16 13:45:27 --> Too few arguments to function App\Controllers\Home::getStudents(), 0 passed in C:\Users\loicr\IdeaProjects\PHP\system\CodeIgniter.php on line 927 and exactly 1 expected
in APPPATH\Controllers\Home.php on line 31.
 1 SYSTEMPATH\CodeIgniter.php(927): App\Controllers\Home->getStudents()
 2 SYSTEMPATH\CodeIgniter.php(482): CodeIgniter\CodeIgniter->runController(Object(App\Controllers\Home))
 3 SYSTEMPATH\CodeIgniter.php(351): CodeIgniter\CodeIgniter->handleRequest(null, Object(Config\Cache), false)
 4 FCPATH\index.php(67): CodeIgniter\CodeIgniter->run()
CRITICAL - 2022-11-16 13:45:52 --> Too few arguments to function App\Controllers\Home::getStudents(), 0 passed in C:\Users\loicr\IdeaProjects\PHP\system\CodeIgniter.php on line 927 and exactly 1 expected
in APPPATH\Controllers\Home.php on line 31.
 1 SYSTEMPATH\CodeIgniter.php(927): App\Controllers\Home->getStudents()
 2 SYSTEMPATH\CodeIgniter.php(482): CodeIgniter\CodeIgniter->runController(Object(App\Controllers\Home))
 3 SYSTEMPATH\CodeIgniter.php(351): CodeIgniter\CodeIgniter->handleRequest(null, Object(Config\Cache), false)
 4 FCPATH\index.php(67): CodeIgniter\CodeIgniter->run()
CRITICAL - 2022-11-16 13:46:57 --> Too few arguments to function App\Controllers\Home::getStudents(), 0 passed in C:\Users\loicr\IdeaProjects\PHP\system\CodeIgniter.php on line 927 and exactly 1 expected
in APPPATH\Controllers\Home.php on line 31.
 1 SYSTEMPATH\CodeIgniter.php(927): App\Controllers\Home->getStudents()
 2 SYSTEMPATH\CodeIgniter.php(482): CodeIgniter\CodeIgniter->runController(Object(App\Controllers\Home))
 3 SYSTEMPATH\CodeIgniter.php(351): CodeIgniter\CodeIgniter->handleRequest(null, Object(Config\Cache), false)
 4 FCPATH\index.php(67): CodeIgniter\CodeIgniter->run()
CRITICAL - 2022-11-16 13:47:33 --> Too few arguments to function App\Controllers\Home::getStudents(), 0 passed in C:\Users\loicr\IdeaProjects\PHP\system\CodeIgniter.php on line 927 and exactly 1 expected
in APPPATH\Controllers\Home.php on line 31.
 1 SYSTEMPATH\CodeIgniter.php(927): App\Controllers\Home->getStudents()
 2 SYSTEMPATH\CodeIgniter.php(482): CodeIgniter\CodeIgniter->runController(Object(App\Controllers\Home))
 3 SYSTEMPATH\CodeIgniter.php(351): CodeIgniter\CodeIgniter->handleRequest(null, Object(Config\Cache), false)
 4 FCPATH\index.php(67): CodeIgniter\CodeIgniter->run()
CRITICAL - 2022-11-16 13:47:39 --> Too few arguments to function App\Controllers\Home::getStudents(), 0 passed in C:\Users\loicr\IdeaProjects\PHP\system\CodeIgniter.php on line 927 and exactly 1 expected
in APPPATH\Controllers\Home.php on line 31.
 1 SYSTEMPATH\CodeIgniter.php(927): App\Controllers\Home->getStudents()
 2 SYSTEMPATH\CodeIgniter.php(482): CodeIgniter\CodeIgniter->runController(Object(App\Controllers\Home))
 3 SYSTEMPATH\CodeIgniter.php(351): CodeIgniter\CodeIgniter->handleRequest(null, Object(Config\Cache), false)
 4 FCPATH\index.php(67): CodeIgniter\CodeIgniter->run()
