CRITICAL - 2022-11-28 09:01:10 --> Function name must be a string
in APPPATH\Views\signin.php on line 16.
 1 SYSTEMPATH\View\View.php(213): include()
 2 SYSTEMPATH\View\View.php(216): CodeIgniter\View\View->CodeIgniter\View\{closure}()
 3 SYSTEMPATH\Common.php(1134): CodeIgniter\View\View->render('signin', [], true)
 4 APPPATH\Controllers\SigninController.php(11): view('signin')
 5 SYSTEMPATH\CodeIgniter.php(927): App\Controllers\SigninController->index()
 6 SYSTEMPATH\CodeIgniter.php(482): CodeIgniter\CodeIgniter->runController(Object(App\Controllers\SigninController))
 7 SYSTEMPATH\CodeIgniter.php(351): CodeIgniter\CodeIgniter->handleRequest(null, Object(Config\Cache), false)
 8 FCPATH\index.php(67): CodeIgniter\CodeIgniter->run()
CRITICAL - 2022-11-28 09:01:43 --> Object of class CodeIgniter\Session\Session could not be converted to string
in APPPATH\Views\signin.php on line 15.
 1 SYSTEMPATH\View\View.php(213): include()
 2 SYSTEMPATH\View\View.php(216): CodeIgniter\View\View->CodeIgniter\View\{closure}()
 3 SYSTEMPATH\Common.php(1134): CodeIgniter\View\View->render('signin', [], true)
 4 APPPATH\Controllers\SigninController.php(11): view('signin')
 5 SYSTEMPATH\CodeIgniter.php(927): App\Controllers\SigninController->index()
 6 SYSTEMPATH\CodeIgniter.php(482): CodeIgniter\CodeIgniter->runController(Object(App\Controllers\SigninController))
 7 SYSTEMPATH\CodeIgniter.php(351): CodeIgniter\CodeIgniter->handleRequest(null, Object(Config\Cache), false)
 8 FCPATH\index.php(67): CodeIgniter\CodeIgniter->run()
CRITICAL - 2022-11-28 09:02:02 --> Function name must be a string
in APPPATH\Views\signin.php on line 16.
 1 SYSTEMPATH\View\View.php(213): include()
 2 SYSTEMPATH\View\View.php(216): CodeIgniter\View\View->CodeIgniter\View\{closure}()
 3 SYSTEMPATH\Common.php(1134): CodeIgniter\View\View->render('signin', [], true)
 4 APPPATH\Controllers\SigninController.php(11): view('signin')
 5 SYSTEMPATH\CodeIgniter.php(927): App\Controllers\SigninController->index()
 6 SYSTEMPATH\CodeIgniter.php(482): CodeIgniter\CodeIgniter->runController(Object(App\Controllers\SigninController))
 7 SYSTEMPATH\CodeIgniter.php(351): CodeIgniter\CodeIgniter->handleRequest(null, Object(Config\Cache), false)
 8 FCPATH\index.php(67): CodeIgniter\CodeIgniter->run()
CRITICAL - 2022-11-28 09:03:00 --> Function name must be a string
in APPPATH\Views\signin.php on line 16.
 1 SYSTEMPATH\View\View.php(213): include()
 2 SYSTEMPATH\View\View.php(216): CodeIgniter\View\View->CodeIgniter\View\{closure}()
 3 SYSTEMPATH\Common.php(1134): CodeIgniter\View\View->render('signin', [], true)
 4 APPPATH\Controllers\SigninController.php(11): view('signin')
 5 SYSTEMPATH\CodeIgniter.php(927): App\Controllers\SigninController->index()
 6 SYSTEMPATH\CodeIgniter.php(482): CodeIgniter\CodeIgniter->runController(Object(App\Controllers\SigninController))
 7 SYSTEMPATH\CodeIgniter.php(351): CodeIgniter\CodeIgniter->handleRequest(null, Object(Config\Cache), false)
 8 FCPATH\index.php(67): CodeIgniter\CodeIgniter->run()
CRITICAL - 2022-11-28 09:03:14 --> Function name must be a string
in APPPATH\Views\signin.php on line 16.
 1 SYSTEMPATH\View\View.php(213): include()
 2 SYSTEMPATH\View\View.php(216): CodeIgniter\View\View->CodeIgniter\View\{closure}()
 3 SYSTEMPATH\Common.php(1134): CodeIgniter\View\View->render('signin', [], true)
 4 APPPATH\Controllers\SigninController.php(11): view('signin')
 5 SYSTEMPATH\CodeIgniter.php(927): App\Controllers\SigninController->index()
 6 SYSTEMPATH\CodeIgniter.php(482): CodeIgniter\CodeIgniter->runController(Object(App\Controllers\SigninController))
 7 SYSTEMPATH\CodeIgniter.php(351): CodeIgniter\CodeIgniter->handleRequest(null, Object(Config\Cache), false)
 8 FCPATH\index.php(67): CodeIgniter\CodeIgniter->run()
CRITICAL - 2022-11-28 09:15:45 --> session_destroy(): Trying to destroy uninitialized session
in APPPATH\Views\main.php on line 46.
 1 [internal function]: CodeIgniter\Debug\Exceptions->errorHandler(2, 'session_destroy(): Trying to destroy uninitialized session', 'APPPATH\\Views\\main.php', 46, [...])
 2 APPPATH\Views\main.php(46): session_destroy()
 3 SYSTEMPATH\View\View.php(213): include('APPPATH\\Views\\main.php')
 4 SYSTEMPATH\View\View.php(216): CodeIgniter\View\View->CodeIgniter\View\{closure}()
 5 SYSTEMPATH\Common.php(1134): CodeIgniter\View\View->render('main', [], true)
 6 APPPATH\Controllers\Home.php(43): view('main', [...])
 7 SYSTEMPATH\CodeIgniter.php(927): App\Controllers\Home->students()
 8 SYSTEMPATH\CodeIgniter.php(482): CodeIgniter\CodeIgniter->runController(Object(App\Controllers\Home))
 9 SYSTEMPATH\CodeIgniter.php(351): CodeIgniter\CodeIgniter->handleRequest(null, Object(Config\Cache), false)
10 FCPATH\index.php(67): CodeIgniter\CodeIgniter->run()
CRITICAL - 2022-11-28 09:17:18 --> session_destroy(): Trying to destroy uninitialized session
in APPPATH\Views\signin.php on line 15.
 1 [internal function]: CodeIgniter\Debug\Exceptions->errorHandler(2, 'session_destroy(): Trying to destroy uninitialized session', 'APPPATH\\Views\\signin.php', 15, [])
 2 APPPATH\Views\signin.php(15): session_destroy()
 3 SYSTEMPATH\View\View.php(213): include('APPPATH\\Views\\signin.php')
 4 SYSTEMPATH\View\View.php(216): CodeIgniter\View\View->CodeIgniter\View\{closure}()
 5 SYSTEMPATH\Common.php(1134): CodeIgniter\View\View->render('signin', [], true)
 6 APPPATH\Controllers\SigninController.php(11): view('signin')
 7 SYSTEMPATH\CodeIgniter.php(927): App\Controllers\SigninController->index()
 8 SYSTEMPATH\CodeIgniter.php(482): CodeIgniter\CodeIgniter->runController(Object(App\Controllers\SigninController))
 9 SYSTEMPATH\CodeIgniter.php(351): CodeIgniter\CodeIgniter->handleRequest(null, Object(Config\Cache), false)
10 FCPATH\index.php(67): CodeIgniter\CodeIgniter->run()
CRITICAL - 2022-11-28 09:20:37 --> Cannot use object of type CodeIgniter\Session\Session as array
in APPPATH\Views\signin.php on line 16.
 1 SYSTEMPATH\View\View.php(213): include()
 2 SYSTEMPATH\View\View.php(216): CodeIgniter\View\View->CodeIgniter\View\{closure}()
 3 SYSTEMPATH\Common.php(1134): CodeIgniter\View\View->render('signin', [], true)
 4 APPPATH\Controllers\SigninController.php(11): view('signin')
 5 SYSTEMPATH\CodeIgniter.php(927): App\Controllers\SigninController->index()
 6 SYSTEMPATH\CodeIgniter.php(482): CodeIgniter\CodeIgniter->runController(Object(App\Controllers\SigninController))
 7 SYSTEMPATH\CodeIgniter.php(351): CodeIgniter\CodeIgniter->handleRequest(null, Object(Config\Cache), false)
 8 FCPATH\index.php(67): CodeIgniter\CodeIgniter->run()
CRITICAL - 2022-11-28 10:07:05 --> Invalid file: main.php
in SYSTEMPATH\Exceptions\FrameworkException.php on line 33.
 1 SYSTEMPATH\View\View.php(201): CodeIgniter\Exceptions\FrameworkException::forInvalidFile('main.php')
 2 SYSTEMPATH\Common.php(1134): CodeIgniter\View\View->render('main', [], true)
 3 APPPATH\Controllers\ExpertController.php(35): view('main', [...])
 4 SYSTEMPATH\CodeIgniter.php(927): App\Controllers\ExpertController->home()
 5 SYSTEMPATH\CodeIgniter.php(482): CodeIgniter\CodeIgniter->runController(Object(App\Controllers\ExpertController))
 6 SYSTEMPATH\CodeIgniter.php(351): CodeIgniter\CodeIgniter->handleRequest(null, Object(Config\Cache), false)
 7 FCPATH\index.php(67): CodeIgniter\CodeIgniter->run()
CRITICAL - 2022-11-28 10:09:00 --> Invalid file: homeContent.php
in SYSTEMPATH\Exceptions\FrameworkException.php on line 33.
 1 SYSTEMPATH\View\View.php(201): CodeIgniter\Exceptions\FrameworkException::forInvalidFile('homeContent.php')
 2 SYSTEMPATH\Common.php(1134): CodeIgniter\View\View->render('homeContent', [], true)
 3 APPPATH\Controllers\ExpertController.php(31): view('homeContent', [...])
 4 SYSTEMPATH\CodeIgniter.php(927): App\Controllers\ExpertController->home()
 5 SYSTEMPATH\CodeIgniter.php(482): CodeIgniter\CodeIgniter->runController(Object(App\Controllers\ExpertController))
 6 SYSTEMPATH\CodeIgniter.php(351): CodeIgniter\CodeIgniter->handleRequest(null, Object(Config\Cache), false)
 7 FCPATH\index.php(67): CodeIgniter\CodeIgniter->run()
CRITICAL - 2022-11-28 10:24:26 --> Class 'App\Controllers\expertModel' not found
in APPPATH\Controllers\SigninController.php on line 17.
 1 SYSTEMPATH\CodeIgniter.php(927): App\Controllers\SigninController->loginAuth()
 2 SYSTEMPATH\CodeIgniter.php(482): CodeIgniter\CodeIgniter->runController(Object(App\Controllers\SigninController))
 3 SYSTEMPATH\CodeIgniter.php(351): CodeIgniter\CodeIgniter->handleRequest(null, Object(Config\Cache), false)
 4 FCPATH\index.php(67): CodeIgniter\CodeIgniter->run()
CRITICAL - 2022-11-28 10:25:25 --> Class 'App\Controllers\expertModel' not found
in APPPATH\Controllers\SigninController.php on line 17.
 1 SYSTEMPATH\CodeIgniter.php(927): App\Controllers\SigninController->loginAuth()
 2 SYSTEMPATH\CodeIgniter.php(482): CodeIgniter\CodeIgniter->runController(Object(App\Controllers\SigninController))
 3 SYSTEMPATH\CodeIgniter.php(351): CodeIgniter\CodeIgniter->handleRequest(null, Object(Config\Cache), false)
 4 FCPATH\index.php(67): CodeIgniter\CodeIgniter->run()
CRITICAL - 2022-11-28 10:25:35 --> Class 'App\Controllers\expertModel' not found
in APPPATH\Controllers\SigninController.php on line 17.
 1 SYSTEMPATH\CodeIgniter.php(927): App\Controllers\SigninController->loginAuth()
 2 SYSTEMPATH\CodeIgniter.php(482): CodeIgniter\CodeIgniter->runController(Object(App\Controllers\SigninController))
 3 SYSTEMPATH\CodeIgniter.php(351): CodeIgniter\CodeIgniter->handleRequest(null, Object(Config\Cache), false)
 4 FCPATH\index.php(67): CodeIgniter\CodeIgniter->run()
CRITICAL - 2022-11-28 10:26:02 --> Class 'Expert_model' not found
in APPPATH\Controllers\SigninController.php on line 17.
 1 SYSTEMPATH\CodeIgniter.php(927): App\Controllers\SigninController->loginAuth()
 2 SYSTEMPATH\CodeIgniter.php(482): CodeIgniter\CodeIgniter->runController(Object(App\Controllers\SigninController))
 3 SYSTEMPATH\CodeIgniter.php(351): CodeIgniter\CodeIgniter->handleRequest(null, Object(Config\Cache), false)
 4 FCPATH\index.php(67): CodeIgniter\CodeIgniter->run()
CRITICAL - 2022-11-28 10:26:09 --> Class 'Expert_model' not found
in APPPATH\Controllers\SigninController.php on line 17.
 1 SYSTEMPATH\CodeIgniter.php(927): App\Controllers\SigninController->loginAuth()
 2 SYSTEMPATH\CodeIgniter.php(482): CodeIgniter\CodeIgniter->runController(Object(App\Controllers\SigninController))
 3 SYSTEMPATH\CodeIgniter.php(351): CodeIgniter\CodeIgniter->handleRequest(null, Object(Config\Cache), false)
 4 FCPATH\index.php(67): CodeIgniter\CodeIgniter->run()
CRITICAL - 2022-11-28 10:28:23 --> Class 'App\Models\ExpertModel' not found
in APPPATH\Controllers\SigninController.php on line 17.
 1 SYSTEMPATH\CodeIgniter.php(927): App\Controllers\SigninController->loginAuth()
 2 SYSTEMPATH\CodeIgniter.php(482): CodeIgniter\CodeIgniter->runController(Object(App\Controllers\SigninController))
 3 SYSTEMPATH\CodeIgniter.php(351): CodeIgniter\CodeIgniter->handleRequest(null, Object(Config\Cache), false)
 4 FCPATH\index.php(67): CodeIgniter\CodeIgniter->run()
ERROR - 2022-11-28 13:01:38 --> Error connecting to the database: mysqli_sql_exception: Een verbindingspoging is mislukt omdat de verbonden party niet correct heeft geantwoord na een bepaalde tijd, of de gemaakte verbinding is mislukt omdat de verbonden host niet heeft geantwoord.
 in C:\UwAmp\www\PHPStart\a22ux02\system\Database\MySQLi\Connection.php:171
Stack trace:
#0 C:\UwAmp\www\PHPStart\a22ux02\system\Database\MySQLi\Connection.php(171): mysqli->real_connect('mysql.studev.gr...', 'a22ux02', '9krkjwRn', 'a22ux02', 3306, '', 0)
#1 C:\UwAmp\www\PHPStart\a22ux02\system\Database\BaseConnection.php(382): CodeIgniter\Database\MySQLi\Connection->connect(false)
#2 C:\UwAmp\www\PHPStart\a22ux02\system\Database\BaseConnection.php(561): CodeIgniter\Database\BaseConnection->initialize()
#3 C:\UwAmp\www\PHPStart\a22ux02\system\Database\BaseBuilder.php(1585): CodeIgniter\Database\BaseConnection->query('SELECT *\nFROM `...', Array, false)
#4 C:\UwAmp\www\PHPStart\a22ux02\system\Model.php(250): CodeIgniter\Database\BaseBuilder->get()
#5 C:\UwAmp\www\PHPStart\a22ux02\system\BaseModel.php(623): CodeIgniter\Model->doFirst()
#6 C:\UwAmp\www\PHPStart\a22ux02\app\Controllers\SigninController.php(24): CodeIgniter\BaseModel->first()
#7 C:\UwAmp\www\PHPStart\a22ux02\system\CodeIgniter.php(927): App\Controllers\SigninController->loginAuth()
#8 C:\UwAmp\www\PHPStart\a22ux02\system\CodeIgniter.php(482): CodeIgniter\CodeIgniter->runController(Object(App\Controllers\SigninController))
#9 C:\UwAmp\www\PHPStart\a22ux02\system\CodeIgniter.php(351): CodeIgniter\CodeIgniter->handleRequest(NULL, Object(Config\Cache), false)
#10 C:\UwAmp\www\PHPStart\a22ux02\public\index.php(67): CodeIgniter\CodeIgniter->run()
#11 {main}

Next CodeIgniter\Database\Exceptions\DatabaseException: Een verbindingspoging is mislukt omdat de verbonden party niet correct heeft geantwoord na een bepaalde tijd, of de gemaakte verbinding is mislukt omdat de verbonden host niet heeft geantwoord.
 in C:\UwAmp\www\PHPStart\a22ux02\system\Database\MySQLi\Connection.php:215
Stack trace:
#0 C:\UwAmp\www\PHPStart\a22ux02\system\Database\BaseConnection.php(382): CodeIgniter\Database\MySQLi\Connection->connect(false)
#1 C:\UwAmp\www\PHPStart\a22ux02\system\Database\BaseConnection.php(561): CodeIgniter\Database\BaseConnection->initialize()
#2 C:\UwAmp\www\PHPStart\a22ux02\system\Database\BaseBuilder.php(1585): CodeIgniter\Database\BaseConnection->query('SELECT *\nFROM `...', Array, false)
#3 C:\UwAmp\www\PHPStart\a22ux02\system\Model.php(250): CodeIgniter\Database\BaseBuilder->get()
#4 C:\UwAmp\www\PHPStart\a22ux02\system\BaseModel.php(623): CodeIgniter\Model->doFirst()
#5 C:\UwAmp\www\PHPStart\a22ux02\app\Controllers\SigninController.php(24): CodeIgniter\BaseModel->first()
#6 C:\UwAmp\www\PHPStart\a22ux02\system\CodeIgniter.php(927): App\Controllers\SigninController->loginAuth()
#7 C:\UwAmp\www\PHPStart\a22ux02\system\CodeIgniter.php(482): CodeIgniter\CodeIgniter->runController(Object(App\Controllers\SigninController))
#8 C:\UwAmp\www\PHPStart\a22ux02\system\CodeIgniter.php(351): CodeIgniter\CodeIgniter->handleRequest(NULL, Object(Config\Cache), false)
#9 C:\UwAmp\www\PHPStart\a22ux02\public\index.php(67): CodeIgniter\CodeIgniter->run()
#10 {main}
CRITICAL - 2022-11-28 13:01:38 --> Unable to connect to the database.
Main connection [MySQLi]: Een verbindingspoging is mislukt omdat de verbonden party niet correct heeft geantwoord na een bepaalde tijd, of de gemaakte verbinding is mislukt omdat de verbonden host niet heeft geantwoord.

in SYSTEMPATH\Database\BaseConnection.php on line 418.
 1 SYSTEMPATH\Database\BaseConnection.php(561): CodeIgniter\Database\BaseConnection->initialize()
 2 SYSTEMPATH\Database\BaseBuilder.php(1585): CodeIgniter\Database\BaseConnection->query('SELECT *
FROM `teachers`
WHERE `email` = :email:
 LIMIT 1', [...], false)
 3 SYSTEMPATH\Model.php(250): CodeIgniter\Database\BaseBuilder->get()
 4 SYSTEMPATH\BaseModel.php(623): CodeIgniter\Model->doFirst()
 5 APPPATH\Controllers\SigninController.php(24): CodeIgniter\BaseModel->first()
 6 SYSTEMPATH\CodeIgniter.php(927): App\Controllers\SigninController->loginAuth()
 7 SYSTEMPATH\CodeIgniter.php(482): CodeIgniter\CodeIgniter->runController(Object(App\Controllers\SigninController))
 8 SYSTEMPATH\CodeIgniter.php(351): CodeIgniter\CodeIgniter->handleRequest(null, Object(Config\Cache), false)
 9 FCPATH\index.php(67): CodeIgniter\CodeIgniter->run()
