CRITICAL - 2022-11-17 10:09:18 --> syntax error, unexpected '0' (T_LNUMBER)
in APPPATH\Models\Students_model.php on line 45.
 1 SYSTEMPATH\Autoloader\Autoloader.php(259): CodeIgniter\Autoloader\Autoloader->includeFile('APPPATH\\Models\\Students_model.php')
 2 SYSTEMPATH\Autoloader\Autoloader.php(237): CodeIgniter\Autoloader\Autoloader->loadInNamespace('App\\Models\\Students_model')
 3 [internal function]: CodeIgniter\Autoloader\Autoloader->loadClass('App\\Models\\Students_model')
 4 APPPATH\Controllers\Home.php(15): spl_autoload_call('App\\Models\\Students_model')
 5 SYSTEMPATH\CodeIgniter.php(889): App\Controllers\Home->__construct()
 6 SYSTEMPATH\CodeIgniter.php(473): CodeIgniter\CodeIgniter->createController()
 7 SYSTEMPATH\CodeIgniter.php(351): CodeIgniter\CodeIgniter->handleRequest(null, Object(Config\Cache), false)
 8 FCPATH\index.php(67): CodeIgniter\CodeIgniter->run()
ERROR - 2022-11-17 10:10:44 --> Error connecting to the database: mysqli_sql_exception: Een verbindingspoging is mislukt omdat de verbonden party niet correct heeft geantwoord na een bepaalde tijd, of de gemaakte verbinding is mislukt omdat de verbonden host niet heeft geantwoord.
 in C:\Users\loicr\IdeaProjects\PHP\system\Database\MySQLi\Connection.php:171
Stack trace:
#0 C:\Users\loicr\IdeaProjects\PHP\system\Database\MySQLi\Connection.php(171): mysqli->real_connect('mysql.studev.gr...', 'a22ux02', '9krkjwRn', 'a22ux02', 3306, '', 0)
#1 C:\Users\loicr\IdeaProjects\PHP\system\Database\BaseConnection.php(382): CodeIgniter\Database\MySQLi\Connection->connect(false)
#2 C:\Users\loicr\IdeaProjects\PHP\system\Database\BaseConnection.php(561): CodeIgniter\Database\BaseConnection->initialize()
#3 C:\Users\loicr\IdeaProjects\PHP\app\Models\Students_model.php(24): CodeIgniter\Database\BaseConnection->query('SELECT * FROM s...', '1')
#4 C:\Users\loicr\IdeaProjects\PHP\app\Controllers\Home.php(34): App\Models\Students_model->get_students('1')
#5 C:\Users\loicr\IdeaProjects\PHP\system\CodeIgniter.php(927): App\Controllers\Home->getStudents()
#6 C:\Users\loicr\IdeaProjects\PHP\system\CodeIgniter.php(482): CodeIgniter\CodeIgniter->runController(Object(App\Controllers\Home))
#7 C:\Users\loicr\IdeaProjects\PHP\system\CodeIgniter.php(351): CodeIgniter\CodeIgniter->handleRequest(NULL, Object(Config\Cache), false)
#8 C:\Users\loicr\IdeaProjects\PHP\public\index.php(67): CodeIgniter\CodeIgniter->run()
#9 {main}

Next CodeIgniter\Database\Exceptions\DatabaseException: Een verbindingspoging is mislukt omdat de verbonden party niet correct heeft geantwoord na een bepaalde tijd, of de gemaakte verbinding is mislukt omdat de verbonden host niet heeft geantwoord.
 in C:\Users\loicr\IdeaProjects\PHP\system\Database\MySQLi\Connection.php:215
Stack trace:
#0 C:\Users\loicr\IdeaProjects\PHP\system\Database\BaseConnection.php(382): CodeIgniter\Database\MySQLi\Connection->connect(false)
#1 C:\Users\loicr\IdeaProjects\PHP\system\Database\BaseConnection.php(561): CodeIgniter\Database\BaseConnection->initialize()
#2 C:\Users\loicr\IdeaProjects\PHP\app\Models\Students_model.php(24): CodeIgniter\Database\BaseConnection->query('SELECT * FROM s...', '1')
#3 C:\Users\loicr\IdeaProjects\PHP\app\Controllers\Home.php(34): App\Models\Students_model->get_students('1')
#4 C:\Users\loicr\IdeaProjects\PHP\system\CodeIgniter.php(927): App\Controllers\Home->getStudents()
#5 C:\Users\loicr\IdeaProjects\PHP\system\CodeIgniter.php(482): CodeIgniter\CodeIgniter->runController(Object(App\Controllers\Home))
#6 C:\Users\loicr\IdeaProjects\PHP\system\CodeIgniter.php(351): CodeIgniter\CodeIgniter->handleRequest(NULL, Object(Config\Cache), false)
#7 C:\Users\loicr\IdeaProjects\PHP\public\index.php(67): CodeIgniter\CodeIgniter->run()
#8 {main}
CRITICAL - 2022-11-17 10:10:44 --> Unable to connect to the database.
Main connection [MySQLi]: Een verbindingspoging is mislukt omdat de verbonden party niet correct heeft geantwoord na een bepaalde tijd, of de gemaakte verbinding is mislukt omdat de verbonden host niet heeft geantwoord.

in SYSTEMPATH\Database\BaseConnection.php on line 418.
 1 SYSTEMPATH\Database\BaseConnection.php(561): CodeIgniter\Database\BaseConnection->initialize()
 2 APPPATH\Models\Students_model.php(24): CodeIgniter\Database\BaseConnection->query('SELECT * FROM students where idTeacher_fk= ?', '1')
 3 APPPATH\Controllers\Home.php(34): App\Models\Students_model->get_students('1')
 4 SYSTEMPATH\CodeIgniter.php(927): App\Controllers\Home->getStudents()
 5 SYSTEMPATH\CodeIgniter.php(482): CodeIgniter\CodeIgniter->runController(Object(App\Controllers\Home))
 6 SYSTEMPATH\CodeIgniter.php(351): CodeIgniter\CodeIgniter->handleRequest(null, Object(Config\Cache), false)
 7 FCPATH\index.php(67): CodeIgniter\CodeIgniter->run()
ERROR - 2022-11-17 10:11:11 --> Error connecting to the database: mysqli_sql_exception: Een verbindingspoging is mislukt omdat de verbonden party niet correct heeft geantwoord na een bepaalde tijd, of de gemaakte verbinding is mislukt omdat de verbonden host niet heeft geantwoord.
 in C:\Users\loicr\IdeaProjects\PHP\system\Database\MySQLi\Connection.php:171
Stack trace:
#0 C:\Users\loicr\IdeaProjects\PHP\system\Database\MySQLi\Connection.php(171): mysqli->real_connect('mysql.studev.gr...', 'a22ux02', '9krkjwRn', 'a22ux02', 3306, '', 0)
#1 C:\Users\loicr\IdeaProjects\PHP\system\Database\BaseConnection.php(382): CodeIgniter\Database\MySQLi\Connection->connect(false)
#2 C:\Users\loicr\IdeaProjects\PHP\system\Database\BaseConnection.php(561): CodeIgniter\Database\BaseConnection->initialize()
#3 C:\Users\loicr\IdeaProjects\PHP\app\Models\Students_model.php(24): CodeIgniter\Database\BaseConnection->query('SELECT * FROM s...', '1')
#4 C:\Users\loicr\IdeaProjects\PHP\app\Controllers\Home.php(34): App\Models\Students_model->get_students('1')
#5 C:\Users\loicr\IdeaProjects\PHP\system\CodeIgniter.php(927): App\Controllers\Home->getStudents()
#6 C:\Users\loicr\IdeaProjects\PHP\system\CodeIgniter.php(482): CodeIgniter\CodeIgniter->runController(Object(App\Controllers\Home))
#7 C:\Users\loicr\IdeaProjects\PHP\system\CodeIgniter.php(351): CodeIgniter\CodeIgniter->handleRequest(NULL, Object(Config\Cache), false)
#8 C:\Users\loicr\IdeaProjects\PHP\public\index.php(67): CodeIgniter\CodeIgniter->run()
#9 {main}

Next CodeIgniter\Database\Exceptions\DatabaseException: Een verbindingspoging is mislukt omdat de verbonden party niet correct heeft geantwoord na een bepaalde tijd, of de gemaakte verbinding is mislukt omdat de verbonden host niet heeft geantwoord.
 in C:\Users\loicr\IdeaProjects\PHP\system\Database\MySQLi\Connection.php:215
Stack trace:
#0 C:\Users\loicr\IdeaProjects\PHP\system\Database\BaseConnection.php(382): CodeIgniter\Database\MySQLi\Connection->connect(false)
#1 C:\Users\loicr\IdeaProjects\PHP\system\Database\BaseConnection.php(561): CodeIgniter\Database\BaseConnection->initialize()
#2 C:\Users\loicr\IdeaProjects\PHP\app\Models\Students_model.php(24): CodeIgniter\Database\BaseConnection->query('SELECT * FROM s...', '1')
#3 C:\Users\loicr\IdeaProjects\PHP\app\Controllers\Home.php(34): App\Models\Students_model->get_students('1')
#4 C:\Users\loicr\IdeaProjects\PHP\system\CodeIgniter.php(927): App\Controllers\Home->getStudents()
#5 C:\Users\loicr\IdeaProjects\PHP\system\CodeIgniter.php(482): CodeIgniter\CodeIgniter->runController(Object(App\Controllers\Home))
#6 C:\Users\loicr\IdeaProjects\PHP\system\CodeIgniter.php(351): CodeIgniter\CodeIgniter->handleRequest(NULL, Object(Config\Cache), false)
#7 C:\Users\loicr\IdeaProjects\PHP\public\index.php(67): CodeIgniter\CodeIgniter->run()
#8 {main}
CRITICAL - 2022-11-17 10:11:11 --> Unable to connect to the database.
Main connection [MySQLi]: Een verbindingspoging is mislukt omdat de verbonden party niet correct heeft geantwoord na een bepaalde tijd, of de gemaakte verbinding is mislukt omdat de verbonden host niet heeft geantwoord.

in SYSTEMPATH\Database\BaseConnection.php on line 418.
 1 SYSTEMPATH\Database\BaseConnection.php(561): CodeIgniter\Database\BaseConnection->initialize()
 2 APPPATH\Models\Students_model.php(24): CodeIgniter\Database\BaseConnection->query('SELECT * FROM students where idTeacher_fk= ?', '1')
 3 APPPATH\Controllers\Home.php(34): App\Models\Students_model->get_students('1')
 4 SYSTEMPATH\CodeIgniter.php(927): App\Controllers\Home->getStudents()
 5 SYSTEMPATH\CodeIgniter.php(482): CodeIgniter\CodeIgniter->runController(Object(App\Controllers\Home))
 6 SYSTEMPATH\CodeIgniter.php(351): CodeIgniter\CodeIgniter->handleRequest(null, Object(Config\Cache), false)
 7 FCPATH\index.php(67): CodeIgniter\CodeIgniter->run()
CRITICAL - 2022-11-17 10:52:11 --> Call to undefined method CodeIgniter\Database\MySQLi\Connection::insert()
in APPPATH\Models\Students_model.php on line 46.
 1 APPPATH\Controllers\Home.php(48): App\Models\Students_model->add_student([...])
 2 SYSTEMPATH\CodeIgniter.php(927): App\Controllers\Home->addStudent()
 3 SYSTEMPATH\CodeIgniter.php(482): CodeIgniter\CodeIgniter->runController(Object(App\Controllers\Home))
 4 SYSTEMPATH\CodeIgniter.php(351): CodeIgniter\CodeIgniter->handleRequest(null, Object(Config\Cache), false)
 5 FCPATH\index.php(67): CodeIgniter\CodeIgniter->run()
ERROR - 2022-11-17 11:02:45 --> mysqli_sql_exception: Unknown column 'idTeacher' in 'field list' in C:\Users\loicr\IdeaProjects\PHP\system\Database\MySQLi\Connection.php:292
Stack trace:
#0 C:\Users\loicr\IdeaProjects\PHP\system\Database\MySQLi\Connection.php(292): mysqli->query('INSERT INTO `st...', 0)
#1 C:\Users\loicr\IdeaProjects\PHP\system\Database\BaseConnection.php(666): CodeIgniter\Database\MySQLi\Connection->execute('INSERT INTO `st...')
#2 C:\Users\loicr\IdeaProjects\PHP\system\Database\BaseConnection.php(593): CodeIgniter\Database\BaseConnection->simpleQuery('INSERT INTO `st...')
#3 C:\Users\loicr\IdeaProjects\PHP\system\Database\BaseBuilder.php(1916): CodeIgniter\Database\BaseConnection->query('INSERT INTO `st...', Array, false)
#4 C:\Users\loicr\IdeaProjects\PHP\app\Models\Students_model.php(46): CodeIgniter\Database\BaseBuilder->insert(Array)
#5 C:\Users\loicr\IdeaProjects\PHP\app\Controllers\Home.php(48): App\Models\Students_model->add_student(Array)
#6 C:\Users\loicr\IdeaProjects\PHP\system\CodeIgniter.php(927): App\Controllers\Home->addStudent()
#7 C:\Users\loicr\IdeaProjects\PHP\system\CodeIgniter.php(482): CodeIgniter\CodeIgniter->runController(Object(App\Controllers\Home))
#8 C:\Users\loicr\IdeaProjects\PHP\system\CodeIgniter.php(351): CodeIgniter\CodeIgniter->handleRequest(NULL, Object(Config\Cache), false)
#9 C:\Users\loicr\IdeaProjects\PHP\public\index.php(67): CodeIgniter\CodeIgniter->run()
#10 {main}
CRITICAL - 2022-11-17 11:02:45 --> Unknown column 'idTeacher' in 'field list'
in SYSTEMPATH\Database\MySQLi\Connection.php on line 292.
 1 SYSTEMPATH\Database\MySQLi\Connection.php(292): mysqli->query('INSERT INTO `students` (`firstname`, `lastname`, `email`, `password`, `birthday`, `idTeacher`) VALUES (\'user3\', \'user3\', \'user3@gmail.com\', \'test\', \'2008-07-04\', \'1\')', 0)
 2 SYSTEMPATH\Database\BaseConnection.php(666): CodeIgniter\Database\MySQLi\Connection->execute('INSERT INTO `students` (`firstname`, `lastname`, `email`, `password`, `birthday`, `idTeacher`) VALUES (\'user3\', \'user3\', \'user3@gmail.com\', \'test\', \'2008-07-04\', \'1\')')
 3 SYSTEMPATH\Database\BaseConnection.php(593): CodeIgniter\Database\BaseConnection->simpleQuery('INSERT INTO `students` (`firstname`, `lastname`, `email`, `password`, `birthday`, `idTeacher`) VALUES (\'user3\', \'user3\', \'user3@gmail.com\', \'test\', \'2008-07-04\', \'1\')')
 4 SYSTEMPATH\Database\BaseBuilder.php(1916): CodeIgniter\Database\BaseConnection->query('INSERT INTO `students` (`firstname`, `lastname`, `email`, `password`, `birthday`, `idTeacher`) VALUES (:firstname:, :lastname:, :email:, :password:, :birthday:, :idTeacher:)', [...], false)
 5 APPPATH\Models\Students_model.php(46): CodeIgniter\Database\BaseBuilder->insert([...])
 6 APPPATH\Controllers\Home.php(48): App\Models\Students_model->add_student([...])
 7 SYSTEMPATH\CodeIgniter.php(927): App\Controllers\Home->addStudent()
 8 SYSTEMPATH\CodeIgniter.php(482): CodeIgniter\CodeIgniter->runController(Object(App\Controllers\Home))
 9 SYSTEMPATH\CodeIgniter.php(351): CodeIgniter\CodeIgniter->handleRequest(null, Object(Config\Cache), false)
10 FCPATH\index.php(67): CodeIgniter\CodeIgniter->run()
CRITICAL - 2022-11-17 11:04:07 --> Call to a member function getResult() on bool
in APPPATH\Models\Students_model.php on line 47.
 1 APPPATH\Controllers\Home.php(48): App\Models\Students_model->add_student([...])
 2 SYSTEMPATH\CodeIgniter.php(927): App\Controllers\Home->addStudent()
 3 SYSTEMPATH\CodeIgniter.php(482): CodeIgniter\CodeIgniter->runController(Object(App\Controllers\Home))
 4 SYSTEMPATH\CodeIgniter.php(351): CodeIgniter\CodeIgniter->handleRequest(null, Object(Config\Cache), false)
 5 FCPATH\index.php(67): CodeIgniter\CodeIgniter->run()
CRITICAL - 2022-11-17 11:05:20 --> Undefined variable: name
in APPPATH\Views\welcome.php on line 8.
 1 APPPATH\Views\welcome.php(8): CodeIgniter\Debug\Exceptions->errorHandler(8, 'Undefined variable: name', 'APPPATH\\Views\\welcome.php', 8, [])
 2 SYSTEMPATH\View\View.php(213): include('APPPATH\\Views\\welcome.php')
 3 SYSTEMPATH\View\View.php(216): CodeIgniter\View\View->CodeIgniter\View\{closure}()
 4 SYSTEMPATH\Common.php(1134): CodeIgniter\View\View->render('welcome', [], true)
 5 APPPATH\Controllers\Home.php(49): view('welcome')
 6 SYSTEMPATH\CodeIgniter.php(927): App\Controllers\Home->addStudent()
 7 SYSTEMPATH\CodeIgniter.php(482): CodeIgniter\CodeIgniter->runController(Object(App\Controllers\Home))
 8 SYSTEMPATH\CodeIgniter.php(351): CodeIgniter\CodeIgniter->handleRequest(null, Object(Config\Cache), false)
 9 FCPATH\index.php(67): CodeIgniter\CodeIgniter->run()
CRITICAL - 2022-11-17 11:07:09 --> Argument 2 passed to view() must be of the type array, string given, called in C:\Users\loicr\IdeaProjects\PHP\app\Controllers\Home.php on line 49
in SYSTEMPATH\Common.php on line 1120.
 1 APPPATH\Controllers\Home.php(49): view('welcome', 'user5')
 2 SYSTEMPATH\CodeIgniter.php(927): App\Controllers\Home->addStudent()
 3 SYSTEMPATH\CodeIgniter.php(482): CodeIgniter\CodeIgniter->runController(Object(App\Controllers\Home))
 4 SYSTEMPATH\CodeIgniter.php(351): CodeIgniter\CodeIgniter->handleRequest(null, Object(Config\Cache), false)
 5 FCPATH\index.php(67): CodeIgniter\CodeIgniter->run()
ERROR - 2022-11-17 11:08:53 --> mysqli_sql_exception: Unknown column 'name' in 'field list' in C:\Users\loicr\IdeaProjects\PHP\system\Database\MySQLi\Connection.php:292
Stack trace:
#0 C:\Users\loicr\IdeaProjects\PHP\system\Database\MySQLi\Connection.php(292): mysqli->query('INSERT INTO `st...', 0)
#1 C:\Users\loicr\IdeaProjects\PHP\system\Database\BaseConnection.php(666): CodeIgniter\Database\MySQLi\Connection->execute('INSERT INTO `st...')
#2 C:\Users\loicr\IdeaProjects\PHP\system\Database\BaseConnection.php(593): CodeIgniter\Database\BaseConnection->simpleQuery('INSERT INTO `st...')
#3 C:\Users\loicr\IdeaProjects\PHP\system\Database\BaseBuilder.php(1916): CodeIgniter\Database\BaseConnection->query('INSERT INTO `st...', Array, false)
#4 C:\Users\loicr\IdeaProjects\PHP\app\Models\Students_model.php(46): CodeIgniter\Database\BaseBuilder->insert(Array)
#5 C:\Users\loicr\IdeaProjects\PHP\app\Controllers\Home.php(49): App\Models\Students_model->add_student(Array)
#6 C:\Users\loicr\IdeaProjects\PHP\system\CodeIgniter.php(927): App\Controllers\Home->addStudent()
#7 C:\Users\loicr\IdeaProjects\PHP\system\CodeIgniter.php(482): CodeIgniter\CodeIgniter->runController(Object(App\Controllers\Home))
#8 C:\Users\loicr\IdeaProjects\PHP\system\CodeIgniter.php(351): CodeIgniter\CodeIgniter->handleRequest(NULL, Object(Config\Cache), false)
#9 C:\Users\loicr\IdeaProjects\PHP\public\index.php(67): CodeIgniter\CodeIgniter->run()
#10 {main}
CRITICAL - 2022-11-17 11:08:53 --> Unknown column 'name' in 'field list'
in SYSTEMPATH\Database\MySQLi\Connection.php on line 292.
 1 SYSTEMPATH\Database\MySQLi\Connection.php(292): mysqli->query('INSERT INTO `students` (`firstname`, `lastname`, `email`, `password`, `birthday`, `idTeacher_fk`, `name`) VALUES (\'user6\', \'user6\', \'user6@gmail.com\', \'test\', \'2008-07-04\', \'2\', \'user6\')', 0)
 2 SYSTEMPATH\Database\BaseConnection.php(666): CodeIgniter\Database\MySQLi\Connection->execute('INSERT INTO `students` (`firstname`, `lastname`, `email`, `password`, `birthday`, `idTeacher_fk`, `name`) VALUES (\'user6\', \'user6\', \'user6@gmail.com\', \'test\', \'2008-07-04\', \'2\', \'user6\')')
 3 SYSTEMPATH\Database\BaseConnection.php(593): CodeIgniter\Database\BaseConnection->simpleQuery('INSERT INTO `students` (`firstname`, `lastname`, `email`, `password`, `birthday`, `idTeacher_fk`, `name`) VALUES (\'user6\', \'user6\', \'user6@gmail.com\', \'test\', \'2008-07-04\', \'2\', \'user6\')')
 4 SYSTEMPATH\Database\BaseBuilder.php(1916): CodeIgniter\Database\BaseConnection->query('INSERT INTO `students` (`firstname`, `lastname`, `email`, `password`, `birthday`, `idTeacher_fk`, `name`) VALUES (:firstname:, :lastname:, :email:, :password:, :birthday:, :idTeacher_fk:, :name:)', [...], false)
 5 APPPATH\Models\Students_model.php(46): CodeIgniter\Database\BaseBuilder->insert([...])
 6 APPPATH\Controllers\Home.php(49): App\Models\Students_model->add_student([...])
 7 SYSTEMPATH\CodeIgniter.php(927): App\Controllers\Home->addStudent()
 8 SYSTEMPATH\CodeIgniter.php(482): CodeIgniter\CodeIgniter->runController(Object(App\Controllers\Home))
 9 SYSTEMPATH\CodeIgniter.php(351): CodeIgniter\CodeIgniter->handleRequest(null, Object(Config\Cache), false)
10 FCPATH\index.php(67): CodeIgniter\CodeIgniter->run()
ERROR - 2022-11-17 11:54:25 --> mysqli_sql_exception: Unknown column 'idTeacher' in 'where clause' in C:\Users\loicr\IdeaProjects\PHP\system\Database\MySQLi\Connection.php:292
Stack trace:
#0 C:\Users\loicr\IdeaProjects\PHP\system\Database\MySQLi\Connection.php(292): mysqli->query('SELECT * FROM t...', 0)
#1 C:\Users\loicr\IdeaProjects\PHP\system\Database\BaseConnection.php(666): CodeIgniter\Database\MySQLi\Connection->execute('SELECT * FROM t...')
#2 C:\Users\loicr\IdeaProjects\PHP\system\Database\BaseConnection.php(593): CodeIgniter\Database\BaseConnection->simpleQuery('SELECT * FROM t...')
#3 C:\Users\loicr\IdeaProjects\PHP\app\Models\Teachers_model.php(21): CodeIgniter\Database\BaseConnection->query('SELECT * FROM t...', '1')
#4 C:\Users\loicr\IdeaProjects\PHP\app\Controllers\Home.php(56): App\Models\Teachers_model->get_teacher('1')
#5 C:\Users\loicr\IdeaProjects\PHP\system\CodeIgniter.php(927): App\Controllers\Home->getTeacher()
#6 C:\Users\loicr\IdeaProjects\PHP\system\CodeIgniter.php(482): CodeIgniter\CodeIgniter->runController(Object(App\Controllers\Home))
#7 C:\Users\loicr\IdeaProjects\PHP\system\CodeIgniter.php(351): CodeIgniter\CodeIgniter->handleRequest(NULL, Object(Config\Cache), false)
#8 C:\Users\loicr\IdeaProjects\PHP\public\index.php(67): CodeIgniter\CodeIgniter->run()
#9 {main}
CRITICAL - 2022-11-17 11:54:25 --> Unknown column 'idTeacher' in 'where clause'
in SYSTEMPATH\Database\MySQLi\Connection.php on line 292.
 1 SYSTEMPATH\Database\MySQLi\Connection.php(292): mysqli->query('SELECT * FROM teachers where idTeacher= \'1\'', 0)
 2 SYSTEMPATH\Database\BaseConnection.php(666): CodeIgniter\Database\MySQLi\Connection->execute('SELECT * FROM teachers where idTeacher= \'1\'')
 3 SYSTEMPATH\Database\BaseConnection.php(593): CodeIgniter\Database\BaseConnection->simpleQuery('SELECT * FROM teachers where idTeacher= \'1\'')
 4 APPPATH\Models\Teachers_model.php(21): CodeIgniter\Database\BaseConnection->query('SELECT * FROM teachers where idTeacher= ?', '1')
 5 APPPATH\Controllers\Home.php(56): App\Models\Teachers_model->get_teacher('1')
 6 SYSTEMPATH\CodeIgniter.php(927): App\Controllers\Home->getTeacher()
 7 SYSTEMPATH\CodeIgniter.php(482): CodeIgniter\CodeIgniter->runController(Object(App\Controllers\Home))
 8 SYSTEMPATH\CodeIgniter.php(351): CodeIgniter\CodeIgniter->handleRequest(null, Object(Config\Cache), false)
 9 FCPATH\index.php(67): CodeIgniter\CodeIgniter->run()
CRITICAL - 2022-11-17 11:55:37 --> Undefined index: idTeachers
in APPPATH\Controllers\Home.php on line 55.
 1 APPPATH\Controllers\Home.php(55): CodeIgniter\Debug\Exceptions->errorHandler(8, 'Undefined index: idTeachers', 'APPPATH\\Controllers\\Home.php', 55, [])
 2 SYSTEMPATH\CodeIgniter.php(927): App\Controllers\Home->getTeacher()
 3 SYSTEMPATH\CodeIgniter.php(482): CodeIgniter\CodeIgniter->runController(Object(App\Controllers\Home))
 4 SYSTEMPATH\CodeIgniter.php(351): CodeIgniter\CodeIgniter->handleRequest(null, Object(Config\Cache), false)
 5 FCPATH\index.php(67): CodeIgniter\CodeIgniter->run()
CRITICAL - 2022-11-17 11:56:34 --> Undefined index: idTeachers
in APPPATH\Controllers\Home.php on line 55.
 1 APPPATH\Controllers\Home.php(55): CodeIgniter\Debug\Exceptions->errorHandler(8, 'Undefined index: idTeachers', 'APPPATH\\Controllers\\Home.php', 55, [])
 2 SYSTEMPATH\CodeIgniter.php(927): App\Controllers\Home->getTeacher()
 3 SYSTEMPATH\CodeIgniter.php(482): CodeIgniter\CodeIgniter->runController(Object(App\Controllers\Home))
 4 SYSTEMPATH\CodeIgniter.php(351): CodeIgniter\CodeIgniter->handleRequest(null, Object(Config\Cache), false)
 5 FCPATH\index.php(67): CodeIgniter\CodeIgniter->run()
CRITICAL - 2022-11-17 11:57:35 --> Undefined index: idTeachers
in APPPATH\Controllers\Home.php on line 55.
 1 APPPATH\Controllers\Home.php(55): CodeIgniter\Debug\Exceptions->errorHandler(8, 'Undefined index: idTeachers', 'APPPATH\\Controllers\\Home.php', 55, [])
 2 SYSTEMPATH\CodeIgniter.php(927): App\Controllers\Home->getTeacher()
 3 SYSTEMPATH\CodeIgniter.php(482): CodeIgniter\CodeIgniter->runController(Object(App\Controllers\Home))
 4 SYSTEMPATH\CodeIgniter.php(351): CodeIgniter\CodeIgniter->handleRequest(null, Object(Config\Cache), false)
 5 FCPATH\index.php(67): CodeIgniter\CodeIgniter->run()
CRITICAL - 2022-11-17 11:58:12 --> Undefined variable: idTeachers
in APPPATH\Views\teacher.php on line 13.
 1 APPPATH\Views\teacher.php(13): CodeIgniter\Debug\Exceptions->errorHandler(8, 'Undefined variable: idTeachers', 'APPPATH\\Views\\teacher.php', 13, [...])
 2 SYSTEMPATH\View\View.php(213): include('APPPATH\\Views\\teacher.php')
 3 SYSTEMPATH\View\View.php(216): CodeIgniter\View\View->CodeIgniter\View\{closure}()
 4 SYSTEMPATH\Common.php(1134): CodeIgniter\View\View->render('teacher', [], true)
 5 APPPATH\Controllers\Home.php(58): view('teacher', [...])
 6 SYSTEMPATH\CodeIgniter.php(927): App\Controllers\Home->getTeacher()
 7 SYSTEMPATH\CodeIgniter.php(482): CodeIgniter\CodeIgniter->runController(Object(App\Controllers\Home))
 8 SYSTEMPATH\CodeIgniter.php(351): CodeIgniter\CodeIgniter->handleRequest(null, Object(Config\Cache), false)
 9 FCPATH\index.php(67): CodeIgniter\CodeIgniter->run()
CRITICAL - 2022-11-17 11:59:14 --> Undefined variable: data
in APPPATH\Views\teacher.php on line 13.
 1 APPPATH\Views\teacher.php(13): CodeIgniter\Debug\Exceptions->errorHandler(8, 'Undefined variable: data', 'APPPATH\\Views\\teacher.php', 13, [...])
 2 SYSTEMPATH\View\View.php(213): include('APPPATH\\Views\\teacher.php')
 3 SYSTEMPATH\View\View.php(216): CodeIgniter\View\View->CodeIgniter\View\{closure}()
 4 SYSTEMPATH\Common.php(1134): CodeIgniter\View\View->render('teacher', [], true)
 5 APPPATH\Controllers\Home.php(58): view('teacher', [...])
 6 SYSTEMPATH\CodeIgniter.php(927): App\Controllers\Home->getTeacher()
 7 SYSTEMPATH\CodeIgniter.php(482): CodeIgniter\CodeIgniter->runController(Object(App\Controllers\Home))
 8 SYSTEMPATH\CodeIgniter.php(351): CodeIgniter\CodeIgniter->handleRequest(null, Object(Config\Cache), false)
 9 FCPATH\index.php(67): CodeIgniter\CodeIgniter->run()
CRITICAL - 2022-11-17 12:00:09 --> Argument 2 passed to view() must be of the type array, null given, called in C:\Users\loicr\IdeaProjects\PHP\app\Controllers\Home.php on line 58
in SYSTEMPATH\Common.php on line 1120.
 1 APPPATH\Controllers\Home.php(58): view('teacher', null)
 2 SYSTEMPATH\CodeIgniter.php(927): App\Controllers\Home->getTeacher()
 3 SYSTEMPATH\CodeIgniter.php(482): CodeIgniter\CodeIgniter->runController(Object(App\Controllers\Home))
 4 SYSTEMPATH\CodeIgniter.php(351): CodeIgniter\CodeIgniter->handleRequest(null, Object(Config\Cache), false)
 5 FCPATH\index.php(67): CodeIgniter\CodeIgniter->run()
CRITICAL - 2022-11-17 12:00:51 --> Undefined variable: data
in APPPATH\Views\teacher.php on line 13.
 1 APPPATH\Views\teacher.php(13): CodeIgniter\Debug\Exceptions->errorHandler(8, 'Undefined variable: data', 'APPPATH\\Views\\teacher.php', 13, [...])
 2 SYSTEMPATH\View\View.php(213): include('APPPATH\\Views\\teacher.php')
 3 SYSTEMPATH\View\View.php(216): CodeIgniter\View\View->CodeIgniter\View\{closure}()
 4 SYSTEMPATH\Common.php(1134): CodeIgniter\View\View->render('teacher', [], true)
 5 APPPATH\Controllers\Home.php(58): view('teacher', [...])
 6 SYSTEMPATH\CodeIgniter.php(927): App\Controllers\Home->getTeacher()
 7 SYSTEMPATH\CodeIgniter.php(482): CodeIgniter\CodeIgniter->runController(Object(App\Controllers\Home))
 8 SYSTEMPATH\CodeIgniter.php(351): CodeIgniter\CodeIgniter->handleRequest(null, Object(Config\Cache), false)
 9 FCPATH\index.php(67): CodeIgniter\CodeIgniter->run()
CRITICAL - 2022-11-17 12:01:36 --> Undefined variable: idTeachers
in APPPATH\Views\teacher.php on line 13.
 1 APPPATH\Views\teacher.php(13): CodeIgniter\Debug\Exceptions->errorHandler(8, 'Undefined variable: idTeachers', 'APPPATH\\Views\\teacher.php', 13, [...])
 2 SYSTEMPATH\View\View.php(213): include('APPPATH\\Views\\teacher.php')
 3 SYSTEMPATH\View\View.php(216): CodeIgniter\View\View->CodeIgniter\View\{closure}()
 4 SYSTEMPATH\Common.php(1134): CodeIgniter\View\View->render('teacher', [], true)
 5 APPPATH\Controllers\Home.php(58): view('teacher', [...])
 6 SYSTEMPATH\CodeIgniter.php(927): App\Controllers\Home->getTeacher()
 7 SYSTEMPATH\CodeIgniter.php(482): CodeIgniter\CodeIgniter->runController(Object(App\Controllers\Home))
 8 SYSTEMPATH\CodeIgniter.php(351): CodeIgniter\CodeIgniter->handleRequest(null, Object(Config\Cache), false)
 9 FCPATH\index.php(67): CodeIgniter\CodeIgniter->run()
CRITICAL - 2022-11-17 12:02:33 --> Undefined variable: teachers
in APPPATH\Views\teacher.php on line 12.
 1 APPPATH\Views\teacher.php(12): CodeIgniter\Debug\Exceptions->errorHandler(8, 'Undefined variable: teachers', 'APPPATH\\Views\\teacher.php', 12, [...])
 2 SYSTEMPATH\View\View.php(213): include('APPPATH\\Views\\teacher.php')
 3 SYSTEMPATH\View\View.php(216): CodeIgniter\View\View->CodeIgniter\View\{closure}()
 4 SYSTEMPATH\Common.php(1134): CodeIgniter\View\View->render('teacher', [], true)
 5 APPPATH\Controllers\Home.php(58): view('teacher', [...])
 6 SYSTEMPATH\CodeIgniter.php(927): App\Controllers\Home->getTeacher()
 7 SYSTEMPATH\CodeIgniter.php(482): CodeIgniter\CodeIgniter->runController(Object(App\Controllers\Home))
 8 SYSTEMPATH\CodeIgniter.php(351): CodeIgniter\CodeIgniter->handleRequest(null, Object(Config\Cache), false)
 9 FCPATH\index.php(67): CodeIgniter\CodeIgniter->run()
CRITICAL - 2022-11-17 12:03:20 --> Trying to get property 'idTeachers' of non-object
in APPPATH\Views\teacher.php on line 13.
 1 APPPATH\Views\teacher.php(13): CodeIgniter\Debug\Exceptions->errorHandler(8, 'Trying to get property \'idTeachers\' of non-object', 'APPPATH\\Views\\teacher.php', 13, [...])
 2 SYSTEMPATH\View\View.php(213): include('APPPATH\\Views\\teacher.php')
 3 SYSTEMPATH\View\View.php(216): CodeIgniter\View\View->CodeIgniter\View\{closure}()
 4 SYSTEMPATH\Common.php(1134): CodeIgniter\View\View->render('teacher', [], true)
 5 APPPATH\Controllers\Home.php(58): view('teacher', [...])
 6 SYSTEMPATH\CodeIgniter.php(927): App\Controllers\Home->getTeacher()
 7 SYSTEMPATH\CodeIgniter.php(482): CodeIgniter\CodeIgniter->runController(Object(App\Controllers\Home))
 8 SYSTEMPATH\CodeIgniter.php(351): CodeIgniter\CodeIgniter->handleRequest(null, Object(Config\Cache), false)
 9 FCPATH\index.php(67): CodeIgniter\CodeIgniter->run()
