ERROR - 2022-12-09 04:06:05 --> Error connecting to the database: mysqli_sql_exception: Een verbindingspoging is mislukt omdat de verbonden party niet correct heeft geantwoord na een bepaalde tijd, of de gemaakte verbinding is mislukt omdat de verbonden host niet heeft geantwoord.
 in C:\UwAmp\www\PHPStart\a22ux02\system\Database\MySQLi\Connection.php:171
Stack trace:
#0 C:\UwAmp\www\PHPStart\a22ux02\system\Database\MySQLi\Connection.php(171): mysqli->real_connect('mysql.studev.gr...', 'a22ux02', '9krkjwRn', 'a22ux02', 3306, '', 0)
#1 C:\UwAmp\www\PHPStart\a22ux02\system\Database\BaseConnection.php(382): CodeIgniter\Database\MySQLi\Connection->connect(false)
#2 C:\UwAmp\www\PHPStart\a22ux02\system\Database\BaseConnection.php(561): CodeIgniter\Database\BaseConnection->initialize()
#3 C:\UwAmp\www\PHPStart\a22ux02\system\Database\BaseBuilder.php(1585): CodeIgniter\Database\BaseConnection->query('SELECT *\nFROM `...', Array, false)
#4 C:\UwAmp\www\PHPStart\a22ux02\system\Model.php(250): CodeIgniter\Database\BaseBuilder->get()
#5 C:\UwAmp\www\PHPStart\a22ux02\system\BaseModel.php(623): CodeIgniter\Model->doFirst()
#6 C:\UwAmp\www\PHPStart\a22ux02\app\Controllers\RegistrationController.php(107): CodeIgniter\BaseModel->first()
#7 C:\UwAmp\www\PHPStart\a22ux02\system\CodeIgniter.php(927): App\Controllers\RegistrationController->loginStudent()
#8 C:\UwAmp\www\PHPStart\a22ux02\system\CodeIgniter.php(482): CodeIgniter\CodeIgniter->runController(Object(App\Controllers\RegistrationController))
#9 C:\UwAmp\www\PHPStart\a22ux02\system\CodeIgniter.php(351): CodeIgniter\CodeIgniter->handleRequest(NULL, Object(Config\Cache), false)
#10 C:\UwAmp\www\PHPStart\a22ux02\index.php(67): CodeIgniter\CodeIgniter->run()
#11 {main}

Next CodeIgniter\Database\Exceptions\DatabaseException: Een verbindingspoging is mislukt omdat de verbonden party niet correct heeft geantwoord na een bepaalde tijd, of de gemaakte verbinding is mislukt omdat de verbonden host niet heeft geantwoord.
 in C:\UwAmp\www\PHPStart\a22ux02\system\Database\MySQLi\Connection.php:215
Stack trace:
#0 C:\UwAmp\www\PHPStart\a22ux02\system\Database\BaseConnection.php(382): CodeIgniter\Database\MySQLi\Connection->connect(false)
#1 C:\UwAmp\www\PHPStart\a22ux02\system\Database\BaseConnection.php(561): CodeIgniter\Database\BaseConnection->initialize()
#2 C:\UwAmp\www\PHPStart\a22ux02\system\Database\BaseBuilder.php(1585): CodeIgniter\Database\BaseConnection->query('SELECT *\nFROM `...', Array, false)
#3 C:\UwAmp\www\PHPStart\a22ux02\system\Model.php(250): CodeIgniter\Database\BaseBuilder->get()
#4 C:\UwAmp\www\PHPStart\a22ux02\system\BaseModel.php(623): CodeIgniter\Model->doFirst()
#5 C:\UwAmp\www\PHPStart\a22ux02\app\Controllers\RegistrationController.php(107): CodeIgniter\BaseModel->first()
#6 C:\UwAmp\www\PHPStart\a22ux02\system\CodeIgniter.php(927): App\Controllers\RegistrationController->loginStudent()
#7 C:\UwAmp\www\PHPStart\a22ux02\system\CodeIgniter.php(482): CodeIgniter\CodeIgniter->runController(Object(App\Controllers\RegistrationController))
#8 C:\UwAmp\www\PHPStart\a22ux02\system\CodeIgniter.php(351): CodeIgniter\CodeIgniter->handleRequest(NULL, Object(Config\Cache), false)
#9 C:\UwAmp\www\PHPStart\a22ux02\index.php(67): CodeIgniter\CodeIgniter->run()
#10 {main}
CRITICAL - 2022-12-09 04:06:05 --> Unable to connect to the database.
Main connection [MySQLi]: Een verbindingspoging is mislukt omdat de verbonden party niet correct heeft geantwoord na een bepaalde tijd, of de gemaakte verbinding is mislukt omdat de verbonden host niet heeft geantwoord.

in SYSTEMPATH\Database\BaseConnection.php on line 418.
 1 SYSTEMPATH\Database\BaseConnection.php(561): CodeIgniter\Database\BaseConnection->initialize()
 2 SYSTEMPATH\Database\BaseBuilder.php(1585): CodeIgniter\Database\BaseConnection->query('SELECT *
FROM `teachers`
WHERE `email` = :email:
 LIMIT 1', [...], false)
 3 SYSTEMPATH\Model.php(250): CodeIgniter\Database\BaseBuilder->get()
 4 SYSTEMPATH\BaseModel.php(623): CodeIgniter\Model->doFirst()
 5 APPPATH\Controllers\RegistrationController.php(107): CodeIgniter\BaseModel->first()
 6 SYSTEMPATH\CodeIgniter.php(927): App\Controllers\RegistrationController->loginStudent()
 7 SYSTEMPATH\CodeIgniter.php(482): CodeIgniter\CodeIgniter->runController(Object(App\Controllers\RegistrationController))
 8 SYSTEMPATH\CodeIgniter.php(351): CodeIgniter\CodeIgniter->handleRequest(null, Object(Config\Cache), false)
 9 FCPATH\index.php(67): CodeIgniter\CodeIgniter->run()
CRITICAL - 2022-12-09 08:28:06 --> setcookie(): "expires" option cannot have a year greater than 9999
in APPPATH/Controllers/RegistrationController.php on line 48.
 1 APPPATH/Controllers/RegistrationController.php(48): setcookie()
 2 SYSTEMPATH/CodeIgniter.php(927): App\Controllers\RegistrationController->welcome()
 3 SYSTEMPATH/CodeIgniter.php(482): CodeIgniter\CodeIgniter->runController()
 4 SYSTEMPATH/CodeIgniter.php(351): CodeIgniter\CodeIgniter->handleRequest()
 5 FCPATH/index.php(67): CodeIgniter\CodeIgniter->run()
CRITICAL - 2022-12-09 08:59:59 --> setcookie(): "expires" option cannot have a year greater than 9999
in APPPATH/Controllers/RegistrationController.php on line 48.
 1 APPPATH/Controllers/RegistrationController.php(48): setcookie()
 2 SYSTEMPATH/CodeIgniter.php(927): App\Controllers\RegistrationController->welcome()
 3 SYSTEMPATH/CodeIgniter.php(482): CodeIgniter\CodeIgniter->runController()
 4 SYSTEMPATH/CodeIgniter.php(351): CodeIgniter\CodeIgniter->handleRequest()
 5 FCPATH/index.php(67): CodeIgniter\CodeIgniter->run()
CRITICAL - 2022-12-09 09:00:08 --> setcookie(): "expires" option cannot have a year greater than 9999
in APPPATH/Controllers/RegistrationController.php on line 48.
 1 APPPATH/Controllers/RegistrationController.php(48): setcookie()
 2 SYSTEMPATH/CodeIgniter.php(927): App\Controllers\RegistrationController->welcome()
 3 SYSTEMPATH/CodeIgniter.php(482): CodeIgniter\CodeIgniter->runController()
 4 SYSTEMPATH/CodeIgniter.php(351): CodeIgniter\CodeIgniter->handleRequest()
 5 FCPATH/index.php(67): CodeIgniter\CodeIgniter->run()
CRITICAL - 2022-12-09 09:23:00 --> Undefined array key "nederlandsActief"
in APPPATH/Views/templates/side_nav_bar.php on line 8.
 1 APPPATH/Views/templates/side_nav_bar.php(8): CodeIgniter\Debug\Exceptions->errorHandler()
 2 SYSTEMPATH/View/View.php(213): include('APPPATH/Views/templates/side_nav_bar.php')
 3 SYSTEMPATH/View/View.php(216): CodeIgniter\View\View->CodeIgniter\View\{closure}()
 4 SYSTEMPATH/View/View.php(431): CodeIgniter\View\View->render()
 5 APPPATH/Views/templates/css_default.php(21): CodeIgniter\View\View->include()
 6 SYSTEMPATH/View/View.php(213): include('APPPATH/Views/templates/css_default.php')
 7 SYSTEMPATH/View/View.php(216): CodeIgniter\View\View->CodeIgniter\View\{closure}()
 8 SYSTEMPATH/View/View.php(229): CodeIgniter\View\View->render()
 9 SYSTEMPATH/Common.php(1134): CodeIgniter\View\View->render()
10 APPPATH/Controllers/DesignController.php(14): view()
11 SYSTEMPATH/CodeIgniter.php(927): App\Controllers\DesignController->view()
12 SYSTEMPATH/CodeIgniter.php(482): CodeIgniter\CodeIgniter->runController()
13 SYSTEMPATH/CodeIgniter.php(351): CodeIgniter\CodeIgniter->handleRequest()
14 FCPATH/index.php(67): CodeIgniter\CodeIgniter->run()
CRITICAL - 2022-12-09 09:23:41 --> Undefined array key "nederlandsActief"
in APPPATH/Views/templates/side_nav_bar.php on line 8.
 1 APPPATH/Views/templates/side_nav_bar.php(8): CodeIgniter\Debug\Exceptions->errorHandler()
 2 SYSTEMPATH/View/View.php(213): include('APPPATH/Views/templates/side_nav_bar.php')
 3 SYSTEMPATH/View/View.php(216): CodeIgniter\View\View->CodeIgniter\View\{closure}()
 4 SYSTEMPATH/View/View.php(431): CodeIgniter\View\View->render()
 5 APPPATH/Views/templates/css_default.php(21): CodeIgniter\View\View->include()
 6 SYSTEMPATH/View/View.php(213): include('APPPATH/Views/templates/css_default.php')
 7 SYSTEMPATH/View/View.php(216): CodeIgniter\View\View->CodeIgniter\View\{closure}()
 8 SYSTEMPATH/View/View.php(229): CodeIgniter\View\View->render()
 9 SYSTEMPATH/Common.php(1134): CodeIgniter\View\View->render()
10 APPPATH/Controllers/DesignController.php(14): view()
11 SYSTEMPATH/CodeIgniter.php(927): App\Controllers\DesignController->view()
12 SYSTEMPATH/CodeIgniter.php(482): CodeIgniter\CodeIgniter->runController()
13 SYSTEMPATH/CodeIgniter.php(351): CodeIgniter\CodeIgniter->handleRequest()
14 FCPATH/index.php(67): CodeIgniter\CodeIgniter->run()
