CRITICAL - 2022-11-14 09:06:04 --> Call to undefined function App\Controllers\set_common_data()
in APPPATH\Controllers\Home.php on line 23.
 1 SYSTEMPATH\CodeIgniter.php(927): App\Controllers\Home->home()
 2 SYSTEMPATH\CodeIgniter.php(482): CodeIgniter\CodeIgniter->runController(Object(App\Controllers\Home))
 3 SYSTEMPATH\CodeIgniter.php(351): CodeIgniter\CodeIgniter->handleRequest(null, Object(Config\Cache), false)
 4 FCPATH\index.php(67): CodeIgniter\CodeIgniter->run()
CRITICAL - 2022-11-14 09:06:09 --> Call to undefined function App\Controllers\set_common_data()
in APPPATH\Controllers\Home.php on line 23.
 1 SYSTEMPATH\CodeIgniter.php(927): App\Controllers\Home->home()
 2 SYSTEMPATH\CodeIgniter.php(482): CodeIgniter\CodeIgniter->runController(Object(App\Controllers\Home))
 3 SYSTEMPATH\CodeIgniter.php(351): CodeIgniter\CodeIgniter->handleRequest(null, Object(Config\Cache), false)
 4 FCPATH\index.php(67): CodeIgniter\CodeIgniter->run()
CRITICAL - 2022-11-14 09:08:30 --> Undefined variable $data
in APPPATH\Controllers\Home.php on line 26.
 1 APPPATH\Controllers\Home.php(26): CodeIgniter\Debug\Exceptions->errorHandler(2, 'Undefined variable $data', 'APPPATH\\Controllers\\Home.php', 26)
 2 SYSTEMPATH\CodeIgniter.php(927): App\Controllers\Home->home()
 3 SYSTEMPATH\CodeIgniter.php(482): CodeIgniter\CodeIgniter->runController(Object(App\Controllers\Home))
 4 SYSTEMPATH\CodeIgniter.php(351): CodeIgniter\CodeIgniter->handleRequest(null, Object(Config\Cache), false)
 5 FCPATH\index.php(67): CodeIgniter\CodeIgniter->run()
CRITICAL - 2022-11-14 09:10:02 --> Invalid file: studentContent.php
in SYSTEMPATH\Exceptions\FrameworkException.php on line 33.
 1 SYSTEMPATH\View\View.php(201): CodeIgniter\Exceptions\FrameworkException::forInvalidFile('studentContent.php')
 2 SYSTEMPATH\Common.php(1134): CodeIgniter\View\View->render('studentContent', [], true)
 3 APPPATH\Controllers\Home.php(17): view('studentContent', [...])
 4 APPPATH\Controllers\Home.php(33): App\Controllers\Home->set_common_data('Home', 'studentContent')
 5 SYSTEMPATH\CodeIgniter.php(927): App\Controllers\Home->students()
 6 SYSTEMPATH\CodeIgniter.php(482): CodeIgniter\CodeIgniter->runController(Object(App\Controllers\Home))
 7 SYSTEMPATH\CodeIgniter.php(351): CodeIgniter\CodeIgniter->handleRequest(null, Object(Config\Cache), false)
 8 FCPATH\index.php(67): CodeIgniter\CodeIgniter->run()
CRITICAL - 2022-11-14 09:10:14 --> Undefined variable $students
in APPPATH\Views\studentsContent.php on line 5.
 1 APPPATH\Views\studentsContent.php(5): CodeIgniter\Debug\Exceptions->errorHandler(2, 'Undefined variable $students', 'APPPATH\\Views\\studentsContent.php', 5)
 2 SYSTEMPATH\View\View.php(213): include('APPPATH\\Views\\studentsContent.php')
 3 SYSTEMPATH\View\View.php(216): CodeIgniter\View\View->CodeIgniter\View\{closure}()
 4 SYSTEMPATH\Common.php(1134): CodeIgniter\View\View->render('studentsContent', [], true)
 5 APPPATH\Controllers\Home.php(17): view('studentsContent', [...])
 6 APPPATH\Controllers\Home.php(33): App\Controllers\Home->set_common_data('Home', 'studentsContent')
 7 SYSTEMPATH\CodeIgniter.php(927): App\Controllers\Home->students()
 8 SYSTEMPATH\CodeIgniter.php(482): CodeIgniter\CodeIgniter->runController(Object(App\Controllers\Home))
 9 SYSTEMPATH\CodeIgniter.php(351): CodeIgniter\CodeIgniter->handleRequest(null, Object(Config\Cache), false)
10 FCPATH\index.php(67): CodeIgniter\CodeIgniter->run()
CRITICAL - 2022-11-14 09:10:47 --> Undefined variable $students
in APPPATH\Views\studentsContent.php on line 5.
 1 APPPATH\Views\studentsContent.php(5): CodeIgniter\Debug\Exceptions->errorHandler(2, 'Undefined variable $students', 'APPPATH\\Views\\studentsContent.php', 5)
 2 SYSTEMPATH\View\View.php(213): include('APPPATH\\Views\\studentsContent.php')
 3 SYSTEMPATH\View\View.php(216): CodeIgniter\View\View->CodeIgniter\View\{closure}()
 4 SYSTEMPATH\Common.php(1134): CodeIgniter\View\View->render('studentsContent', [], true)
 5 APPPATH\Controllers\Home.php(17): view('studentsContent', [...])
 6 APPPATH\Controllers\Home.php(33): App\Controllers\Home->set_common_data('Home', 'studentsContent')
 7 SYSTEMPATH\CodeIgniter.php(927): App\Controllers\Home->students()
 8 SYSTEMPATH\CodeIgniter.php(482): CodeIgniter\CodeIgniter->runController(Object(App\Controllers\Home))
 9 SYSTEMPATH\CodeIgniter.php(351): CodeIgniter\CodeIgniter->handleRequest(null, Object(Config\Cache), false)
10 FCPATH\index.php(67): CodeIgniter\CodeIgniter->run()
CRITICAL - 2022-11-14 09:11:33 --> Undefined variable $students
in APPPATH\Views\studentsContent.php on line 5.
 1 APPPATH\Views\studentsContent.php(5): CodeIgniter\Debug\Exceptions->errorHandler(2, 'Undefined variable $students', 'APPPATH\\Views\\studentsContent.php', 5)
 2 SYSTEMPATH\View\View.php(213): include('APPPATH\\Views\\studentsContent.php')
 3 SYSTEMPATH\View\View.php(216): CodeIgniter\View\View->CodeIgniter\View\{closure}()
 4 SYSTEMPATH\Common.php(1134): CodeIgniter\View\View->render('studentsContent', [], true)
 5 APPPATH\Controllers\Home.php(17): view('studentsContent', [...])
 6 APPPATH\Controllers\Home.php(32): App\Controllers\Home->set_common_data('Home', 'studentsContent')
 7 SYSTEMPATH\CodeIgniter.php(927): App\Controllers\Home->students()
 8 SYSTEMPATH\CodeIgniter.php(482): CodeIgniter\CodeIgniter->runController(Object(App\Controllers\Home))
 9 SYSTEMPATH\CodeIgniter.php(351): CodeIgniter\CodeIgniter->handleRequest(null, Object(Config\Cache), false)
10 FCPATH\index.php(67): CodeIgniter\CodeIgniter->run()
CRITICAL - 2022-11-14 09:12:16 --> Undefined variable $students
in APPPATH\Views\studentsContent.php on line 5.
 1 APPPATH\Views\studentsContent.php(5): CodeIgniter\Debug\Exceptions->errorHandler(2, 'Undefined variable $students', 'APPPATH\\Views\\studentsContent.php', 5)
 2 SYSTEMPATH\View\View.php(213): include('APPPATH\\Views\\studentsContent.php')
 3 SYSTEMPATH\View\View.php(216): CodeIgniter\View\View->CodeIgniter\View\{closure}()
 4 SYSTEMPATH\Common.php(1134): CodeIgniter\View\View->render('studentsContent', [], true)
 5 APPPATH\Controllers\Home.php(17): view('studentsContent', [...])
 6 APPPATH\Controllers\Home.php(32): App\Controllers\Home->set_common_data('Home', 'studentsContent')
 7 SYSTEMPATH\CodeIgniter.php(927): App\Controllers\Home->students()
 8 SYSTEMPATH\CodeIgniter.php(482): CodeIgniter\CodeIgniter->runController(Object(App\Controllers\Home))
 9 SYSTEMPATH\CodeIgniter.php(351): CodeIgniter\CodeIgniter->handleRequest(null, Object(Config\Cache), false)
10 FCPATH\index.php(67): CodeIgniter\CodeIgniter->run()
CRITICAL - 2022-11-14 09:18:49 --> syntax error, unexpected token "return"
in APPPATH\Controllers\Home.php on line 35.
 1 SYSTEMPATH\Autoloader\Autoloader.php(259): CodeIgniter\Autoloader\Autoloader->includeFile('APPPATH\\Controllers\\Home.php')
 2 SYSTEMPATH\Autoloader\Autoloader.php(237): CodeIgniter\Autoloader\Autoloader->loadInNamespace('App\\Controllers\\Home')
 3 [internal function]: CodeIgniter\Autoloader\Autoloader->loadClass('App\\Controllers\\Home')
 4 SYSTEMPATH\CodeIgniter.php(877): class_exists('\\App\\Controllers\\Home', true)
 5 SYSTEMPATH\CodeIgniter.php(469): CodeIgniter\CodeIgniter->startController()
 6 SYSTEMPATH\CodeIgniter.php(351): CodeIgniter\CodeIgniter->handleRequest(null, Object(Config\Cache), false)
 7 FCPATH\index.php(67): CodeIgniter\CodeIgniter->run()
CRITICAL - 2022-11-14 09:27:56 --> Array to string conversion
in APPPATH\Controllers\Home.php on line 35.
 1 APPPATH\Controllers\Home.php(35): CodeIgniter\Debug\Exceptions->errorHandler(2, 'Array to string conversion', 'APPPATH\\Controllers\\Home.php', 35)
 2 SYSTEMPATH\CodeIgniter.php(927): App\Controllers\Home->home()
 3 SYSTEMPATH\CodeIgniter.php(482): CodeIgniter\CodeIgniter->runController(Object(App\Controllers\Home))
 4 SYSTEMPATH\CodeIgniter.php(351): CodeIgniter\CodeIgniter->handleRequest(null, Object(Config\Cache), false)
 5 FCPATH\index.php(67): CodeIgniter\CodeIgniter->run()
