CRITICAL - 2022-11-04 04:06:41 --> syntax error, unexpected '}', expecting ';'
in APPPATH\Controllers\Home.php on line 10.
 1 SYSTEMPATH\Autoloader\Autoloader.php(259): CodeIgniter\Autoloader\Autoloader->includeFile('APPPATH\\Controllers\\Home.php')
 2 SYSTEMPATH\Autoloader\Autoloader.php(237): CodeIgniter\Autoloader\Autoloader->loadInNamespace('App\\Controllers\\Home')
 3 [internal function]: CodeIgniter\Autoloader\Autoloader->loadClass('App\\Controllers\\Home')
 4 [internal function]: spl_autoload_call('App\\Controllers\\Home')
 5 SYSTEMPATH\CodeIgniter.php(877): class_exists('\\App\\Controllers\\Home', true)
 6 SYSTEMPATH\CodeIgniter.php(469): CodeIgniter\CodeIgniter->startController()
 7 SYSTEMPATH\CodeIgniter.php(351): CodeIgniter\CodeIgniter->handleRequest(null, Object(Config\Cache), false)
 8 FCPATH\index.php(67): CodeIgniter\CodeIgniter->run()
CRITICAL - 2022-11-04 05:36:47 --> Too few arguments to function App\Controllers\Home::test(), 0 passed in C:\Users\loicr\IdeaProjects\PHP\system\CodeIgniter.php on line 927 and exactly 1 expected
in APPPATH\Controllers\Home.php on line 12.
 1 SYSTEMPATH\CodeIgniter.php(927): App\Controllers\Home->test()
 2 SYSTEMPATH\CodeIgniter.php(482): CodeIgniter\CodeIgniter->runController(Object(App\Controllers\Home))
 3 SYSTEMPATH\CodeIgniter.php(351): CodeIgniter\CodeIgniter->handleRequest(null, Object(Config\Cache), false)
 4 FCPATH\index.php(67): CodeIgniter\CodeIgniter->run()
CRITICAL - 2022-11-04 05:41:40 --> Undefined variable: name_param
in APPPATH\Views\welcome.php on line 8.
 1 APPPATH\Views\welcome.php(8): CodeIgniter\Debug\Exceptions->errorHandler(8, 'Undefined variable: name_param', 'APPPATH\\Views\\welcome.php', 8, [...])
 2 SYSTEMPATH\View\View.php(213): include('APPPATH\\Views\\welcome.php')
 3 SYSTEMPATH\View\View.php(216): CodeIgniter\View\View->CodeIgniter\View\{closure}()
 4 SYSTEMPATH\Common.php(1134): CodeIgniter\View\View->render('welcome', [], true)
 5 APPPATH\Controllers\Home.php(15): view('welcome', [...])
 6 SYSTEMPATH\CodeIgniter.php(927): App\Controllers\Home->test()
 7 SYSTEMPATH\CodeIgniter.php(482): CodeIgniter\CodeIgniter->runController(Object(App\Controllers\Home))
 8 SYSTEMPATH\CodeIgniter.php(351): CodeIgniter\CodeIgniter->handleRequest(null, Object(Config\Cache), false)
 9 FCPATH\index.php(67): CodeIgniter\CodeIgniter->run()
CRITICAL - 2022-11-04 05:52:06 --> Use of undefined constant name - assumed 'name' (this will throw an Error in a future version of PHP)
in APPPATH\Views\welcome.php on line 8.
 1 APPPATH\Views\welcome.php(8): CodeIgniter\Debug\Exceptions->errorHandler(2, 'Use of undefined constant name - assumed \'name\' (this will throw an Error in a future version of PHP)', 'APPPATH\\Views\\welcome.php', 8, [...])
 2 SYSTEMPATH\View\View.php(213): include('APPPATH\\Views\\welcome.php')
 3 SYSTEMPATH\View\View.php(216): CodeIgniter\View\View->CodeIgniter\View\{closure}()
 4 SYSTEMPATH\Common.php(1134): CodeIgniter\View\View->render('welcome', [], true)
 5 APPPATH\Controllers\Home.php(15): view('welcome', [...])
 6 SYSTEMPATH\CodeIgniter.php(927): App\Controllers\Home->test()
 7 SYSTEMPATH\CodeIgniter.php(482): CodeIgniter\CodeIgniter->runController(Object(App\Controllers\Home))
 8 SYSTEMPATH\CodeIgniter.php(351): CodeIgniter\CodeIgniter->handleRequest(null, Object(Config\Cache), false)
 9 FCPATH\index.php(67): CodeIgniter\CodeIgniter->run()
