CRITICAL - 2022-12-05 08:17:04 --> Undefined index: nederlandsActief
in APPPATH\Views\templates\side_nav_bar_2.php on line 7.
 1 APPPATH\Views\templates\side_nav_bar_2.php(7): CodeIgniter\Debug\Exceptions->errorHandler(8, 'Undefined index: nederlandsActief', 'APPPATH\\Views\\templates\\side_nav_bar_2.php', 7, [...])
 2 SYSTEMPATH\View\View.php(213): include('APPPATH\\Views\\templates\\side_nav_bar_2.php')
 3 SYSTEMPATH\View\View.php(216): CodeIgniter\View\View->CodeIgniter\View\{closure}()
 4 SYSTEMPATH\View\View.php(431): CodeIgniter\View\View->render('templates/side_nav_bar_2', null, true)
 5 APPPATH\Views\templates\kids_default.php(28): CodeIgniter\View\View->include('templates/side_nav_bar_2')
 6 SYSTEMPATH\View\View.php(213): include('APPPATH\\Views\\templates\\kids_default.php')
 7 SYSTEMPATH\View\View.php(216): CodeIgniter\View\View->CodeIgniter\View\{closure}()
 8 SYSTEMPATH\View\View.php(229): CodeIgniter\View\View->render('/templates/kids_default', [], true)
 9 SYSTEMPATH\Common.php(1134): CodeIgniter\View\View->render('pages/kids/home', [], true)
10 APPPATH\Controllers\KidsController.php(56): view('pages/kids/home', [...])
11 SYSTEMPATH\CodeIgniter.php(927): App\Controllers\KidsController->view('home')
12 SYSTEMPATH\CodeIgniter.php(482): CodeIgniter\CodeIgniter->runController(Object(App\Controllers\KidsController))
13 SYSTEMPATH\CodeIgniter.php(351): CodeIgniter\CodeIgniter->handleRequest(null, Object(Config\Cache), false)
14 FCPATH\index.php(67): CodeIgniter\CodeIgniter->run()
CRITICAL - 2022-12-05 08:17:49 --> Undefined index: nederlandsActief
in APPPATH\Views\templates\side_nav_bar_2.php on line 7.
 1 APPPATH\Views\templates\side_nav_bar_2.php(7): CodeIgniter\Debug\Exceptions->errorHandler(8, 'Undefined index: nederlandsActief', 'APPPATH\\Views\\templates\\side_nav_bar_2.php', 7, [...])
 2 SYSTEMPATH\View\View.php(213): include('APPPATH\\Views\\templates\\side_nav_bar_2.php')
 3 SYSTEMPATH\View\View.php(216): CodeIgniter\View\View->CodeIgniter\View\{closure}()
 4 SYSTEMPATH\View\View.php(431): CodeIgniter\View\View->render('templates/side_nav_bar_2', null, true)
 5 APPPATH\Views\templates\kids_default.php(28): CodeIgniter\View\View->include('templates/side_nav_bar_2')
 6 SYSTEMPATH\View\View.php(213): include('APPPATH\\Views\\templates\\kids_default.php')
 7 SYSTEMPATH\View\View.php(216): CodeIgniter\View\View->CodeIgniter\View\{closure}()
 8 SYSTEMPATH\View\View.php(229): CodeIgniter\View\View->render('/templates/kids_default', [], true)
 9 SYSTEMPATH\Common.php(1134): CodeIgniter\View\View->render('pages/kids/home', [], true)
10 APPPATH\Controllers\KidsController.php(56): view('pages/kids/home', [...])
11 SYSTEMPATH\CodeIgniter.php(927): App\Controllers\KidsController->view('home')
12 SYSTEMPATH\CodeIgniter.php(482): CodeIgniter\CodeIgniter->runController(Object(App\Controllers\KidsController))
13 SYSTEMPATH\CodeIgniter.php(351): CodeIgniter\CodeIgniter->handleRequest(null, Object(Config\Cache), false)
14 FCPATH\index.php(67): CodeIgniter\CodeIgniter->run()
CRITICAL - 2022-12-05 08:17:58 --> Undefined index: nederlandsActief
in APPPATH\Views\templates\side_nav_bar_2.php on line 7.
 1 APPPATH\Views\templates\side_nav_bar_2.php(7): CodeIgniter\Debug\Exceptions->errorHandler(8, 'Undefined index: nederlandsActief', 'APPPATH\\Views\\templates\\side_nav_bar_2.php', 7, [...])
 2 SYSTEMPATH\View\View.php(213): include('APPPATH\\Views\\templates\\side_nav_bar_2.php')
 3 SYSTEMPATH\View\View.php(216): CodeIgniter\View\View->CodeIgniter\View\{closure}()
 4 SYSTEMPATH\View\View.php(431): CodeIgniter\View\View->render('templates/side_nav_bar_2', null, true)
 5 APPPATH\Views\templates\kids_default.php(28): CodeIgniter\View\View->include('templates/side_nav_bar_2')
 6 SYSTEMPATH\View\View.php(213): include('APPPATH\\Views\\templates\\kids_default.php')
 7 SYSTEMPATH\View\View.php(216): CodeIgniter\View\View->CodeIgniter\View\{closure}()
 8 SYSTEMPATH\View\View.php(229): CodeIgniter\View\View->render('/templates/kids_default', [], true)
 9 SYSTEMPATH\Common.php(1134): CodeIgniter\View\View->render('pages/kids/home', [], true)
10 APPPATH\Controllers\KidsController.php(56): view('pages/kids/home', [...])
11 SYSTEMPATH\CodeIgniter.php(927): App\Controllers\KidsController->view('home')
12 SYSTEMPATH\CodeIgniter.php(482): CodeIgniter\CodeIgniter->runController(Object(App\Controllers\KidsController))
13 SYSTEMPATH\CodeIgniter.php(351): CodeIgniter\CodeIgniter->handleRequest(null, Object(Config\Cache), false)
14 FCPATH\index.php(67): CodeIgniter\CodeIgniter->run()
