CRITICAL - 2022-12-02 03:52:19 --> Invalid argument supplied for foreach()
in APPPATH\Views\pages\experts\studentOverview.php on line 6.
 1 APPPATH\Views\pages\experts\studentOverview.php(6): CodeIgniter\Debug\Exceptions->errorHandler(2, 'Invalid argument supplied for foreach()', 'APPPATH\\Views\\pages\\experts\\studentOverview.php', 6, [...])
 2 SYSTEMPATH\View\View.php(213): include('APPPATH\\Views\\pages\\experts\\studentOverview.php')
 3 SYSTEMPATH\View\View.php(216): CodeIgniter\View\View->CodeIgniter\View\{closure}()
 4 SYSTEMPATH\Common.php(1134): CodeIgniter\View\View->render('pages/experts/studentOverview', [], true)
 5 APPPATH\Controllers\ExpertController.php(42): view('pages/experts/studentOverview', [...])
 6 SYSTEMPATH\CodeIgniter.php(927): App\Controllers\ExpertController->studentOverview('8')
 7 SYSTEMPATH\CodeIgniter.php(482): CodeIgniter\CodeIgniter->runController(Object(App\Controllers\ExpertController))
 8 SYSTEMPATH\CodeIgniter.php(351): CodeIgniter\CodeIgniter->handleRequest(null, Object(Config\Cache), false)
 9 FCPATH\index.php(67): CodeIgniter\CodeIgniter->run()
CRITICAL - 2022-12-02 04:00:28 --> Trying to get property 'idExercises' of non-object
in APPPATH\Views\pages\kids\intro.php on line 6.
 1 APPPATH\Views\pages\kids\intro.php(6): CodeIgniter\Debug\Exceptions->errorHandler(8, 'Trying to get property \'idExercises\' of non-object', 'APPPATH\\Views\\pages\\kids\\intro.php', 6, [...])
 2 SYSTEMPATH\View\View.php(213): include('APPPATH\\Views\\pages\\kids\\intro.php')
 3 SYSTEMPATH\View\View.php(216): CodeIgniter\View\View->CodeIgniter\View\{closure}()
 4 SYSTEMPATH\Common.php(1134): CodeIgniter\View\View->render('pages/kids/intro', [], true)
 5 APPPATH\Controllers\KidsController.php(37): view('pages/kids/intro', [...])
 6 SYSTEMPATH\CodeIgniter.php(927): App\Controllers\KidsController->view('intro')
 7 SYSTEMPATH\CodeIgniter.php(482): CodeIgniter\CodeIgniter->runController(Object(App\Controllers\KidsController))
 8 SYSTEMPATH\CodeIgniter.php(351): CodeIgniter\CodeIgniter->handleRequest(null, Object(Config\Cache), false)
 9 FCPATH\index.php(67): CodeIgniter\CodeIgniter->run()
CRITICAL - 2022-12-02 04:02:35 --> Trying to get property 'idExercises' of non-object
in APPPATH\Views\pages\kids\intro.php on line 6.
 1 APPPATH\Views\pages\kids\intro.php(6): CodeIgniter\Debug\Exceptions->errorHandler(8, 'Trying to get property \'idExercises\' of non-object', 'APPPATH\\Views\\pages\\kids\\intro.php', 6, [...])
 2 SYSTEMPATH\View\View.php(213): include('APPPATH\\Views\\pages\\kids\\intro.php')
 3 SYSTEMPATH\View\View.php(216): CodeIgniter\View\View->CodeIgniter\View\{closure}()
 4 SYSTEMPATH\Common.php(1134): CodeIgniter\View\View->render('pages/kids/intro', [], true)
 5 APPPATH\Controllers\KidsController.php(37): view('pages/kids/intro', [...])
 6 SYSTEMPATH\CodeIgniter.php(927): App\Controllers\KidsController->view('intro')
 7 SYSTEMPATH\CodeIgniter.php(482): CodeIgniter\CodeIgniter->runController(Object(App\Controllers\KidsController))
 8 SYSTEMPATH\CodeIgniter.php(351): CodeIgniter\CodeIgniter->handleRequest(null, Object(Config\Cache), false)
 9 FCPATH\index.php(67): CodeIgniter\CodeIgniter->run()
CRITICAL - 2022-12-02 04:04:28 --> Trying to get property 'idExercises' of non-object
in APPPATH\Views\pages\kids\intro.php on line 6.
 1 APPPATH\Views\pages\kids\intro.php(6): CodeIgniter\Debug\Exceptions->errorHandler(8, 'Trying to get property \'idExercises\' of non-object', 'APPPATH\\Views\\pages\\kids\\intro.php', 6, [...])
 2 SYSTEMPATH\View\View.php(213): include('APPPATH\\Views\\pages\\kids\\intro.php')
 3 SYSTEMPATH\View\View.php(216): CodeIgniter\View\View->CodeIgniter\View\{closure}()
 4 SYSTEMPATH\Common.php(1134): CodeIgniter\View\View->render('pages/kids/intro', [], true)
 5 APPPATH\Controllers\KidsController.php(37): view('pages/kids/intro', [...])
 6 SYSTEMPATH\CodeIgniter.php(927): App\Controllers\KidsController->view('intro')
 7 SYSTEMPATH\CodeIgniter.php(482): CodeIgniter\CodeIgniter->runController(Object(App\Controllers\KidsController))
 8 SYSTEMPATH\CodeIgniter.php(351): CodeIgniter\CodeIgniter->handleRequest(null, Object(Config\Cache), false)
 9 FCPATH\index.php(67): CodeIgniter\CodeIgniter->run()
CRITICAL - 2022-12-02 04:07:59 --> Trying to get property 'idExercises' of non-object
in APPPATH\Views\pages\kids\intro.php on line 6.
 1 APPPATH\Views\pages\kids\intro.php(6): CodeIgniter\Debug\Exceptions->errorHandler(8, 'Trying to get property \'idExercises\' of non-object', 'APPPATH\\Views\\pages\\kids\\intro.php', 6, [...])
 2 SYSTEMPATH\View\View.php(213): include('APPPATH\\Views\\pages\\kids\\intro.php')
 3 SYSTEMPATH\View\View.php(216): CodeIgniter\View\View->CodeIgniter\View\{closure}()
 4 SYSTEMPATH\Common.php(1134): CodeIgniter\View\View->render('pages/kids/intro', [], true)
 5 APPPATH\Controllers\KidsController.php(37): view('pages/kids/intro', [...])
 6 SYSTEMPATH\CodeIgniter.php(927): App\Controllers\KidsController->view('intro')
 7 SYSTEMPATH\CodeIgniter.php(482): CodeIgniter\CodeIgniter->runController(Object(App\Controllers\KidsController))
 8 SYSTEMPATH\CodeIgniter.php(351): CodeIgniter\CodeIgniter->handleRequest(null, Object(Config\Cache), false)
 9 FCPATH\index.php(67): CodeIgniter\CodeIgniter->run()
CRITICAL - 2022-12-02 04:09:32 --> Trying to get property 'idExercises' of non-object
in APPPATH\Views\pages\kids\intro.php on line 6.
 1 APPPATH\Views\pages\kids\intro.php(6): CodeIgniter\Debug\Exceptions->errorHandler(8, 'Trying to get property \'idExercises\' of non-object', 'APPPATH\\Views\\pages\\kids\\intro.php', 6, [...])
 2 SYSTEMPATH\View\View.php(213): include('APPPATH\\Views\\pages\\kids\\intro.php')
 3 SYSTEMPATH\View\View.php(216): CodeIgniter\View\View->CodeIgniter\View\{closure}()
 4 SYSTEMPATH\Common.php(1134): CodeIgniter\View\View->render('pages/kids/intro', [], true)
 5 APPPATH\Controllers\KidsController.php(37): view('pages/kids/intro', [...])
 6 SYSTEMPATH\CodeIgniter.php(927): App\Controllers\KidsController->view('intro')
 7 SYSTEMPATH\CodeIgniter.php(482): CodeIgniter\CodeIgniter->runController(Object(App\Controllers\KidsController))
 8 SYSTEMPATH\CodeIgniter.php(351): CodeIgniter\CodeIgniter->handleRequest(null, Object(Config\Cache), false)
 9 FCPATH\index.php(67): CodeIgniter\CodeIgniter->run()
CRITICAL - 2022-12-02 04:09:43 --> Trying to get property 'idExercises' of non-object
in APPPATH\Views\pages\kids\feedback.php on line 6.
 1 APPPATH\Views\pages\kids\feedback.php(6): CodeIgniter\Debug\Exceptions->errorHandler(8, 'Trying to get property \'idExercises\' of non-object', 'APPPATH\\Views\\pages\\kids\\feedback.php', 6, [...])
 2 SYSTEMPATH\View\View.php(213): include('APPPATH\\Views\\pages\\kids\\feedback.php')
 3 SYSTEMPATH\View\View.php(216): CodeIgniter\View\View->CodeIgniter\View\{closure}()
 4 SYSTEMPATH\Common.php(1134): CodeIgniter\View\View->render('pages/kids/feedback', [], true)
 5 APPPATH\Controllers\KidsController.php(37): view('pages/kids/feedback', [...])
 6 SYSTEMPATH\CodeIgniter.php(927): App\Controllers\KidsController->view('feedback')
 7 SYSTEMPATH\CodeIgniter.php(482): CodeIgniter\CodeIgniter->runController(Object(App\Controllers\KidsController))
 8 SYSTEMPATH\CodeIgniter.php(351): CodeIgniter\CodeIgniter->handleRequest(null, Object(Config\Cache), false)
 9 FCPATH\index.php(67): CodeIgniter\CodeIgniter->run()
CRITICAL - 2022-12-02 04:09:47 --> Trying to get property 'idExercises' of non-object
in APPPATH\Views\pages\kids\feedback.php on line 6.
 1 APPPATH\Views\pages\kids\feedback.php(6): CodeIgniter\Debug\Exceptions->errorHandler(8, 'Trying to get property \'idExercises\' of non-object', 'APPPATH\\Views\\pages\\kids\\feedback.php', 6, [...])
 2 SYSTEMPATH\View\View.php(213): include('APPPATH\\Views\\pages\\kids\\feedback.php')
 3 SYSTEMPATH\View\View.php(216): CodeIgniter\View\View->CodeIgniter\View\{closure}()
 4 SYSTEMPATH\Common.php(1134): CodeIgniter\View\View->render('pages/kids/feedback', [], true)
 5 APPPATH\Controllers\KidsController.php(37): view('pages/kids/feedback', [...])
 6 SYSTEMPATH\CodeIgniter.php(927): App\Controllers\KidsController->view('feedback')
 7 SYSTEMPATH\CodeIgniter.php(482): CodeIgniter\CodeIgniter->runController(Object(App\Controllers\KidsController))
 8 SYSTEMPATH\CodeIgniter.php(351): CodeIgniter\CodeIgniter->handleRequest(null, Object(Config\Cache), false)
 9 FCPATH\index.php(67): CodeIgniter\CodeIgniter->run()
CRITICAL - 2022-12-02 04:21:20 --> Trying to get property 'idExercises' of non-object
in APPPATH\Views\pages\kids\intro.php on line 6.
 1 APPPATH\Views\pages\kids\intro.php(6): CodeIgniter\Debug\Exceptions->errorHandler(8, 'Trying to get property \'idExercises\' of non-object', 'APPPATH\\Views\\pages\\kids\\intro.php', 6, [...])
 2 SYSTEMPATH\View\View.php(213): include('APPPATH\\Views\\pages\\kids\\intro.php')
 3 SYSTEMPATH\View\View.php(216): CodeIgniter\View\View->CodeIgniter\View\{closure}()
 4 SYSTEMPATH\Common.php(1134): CodeIgniter\View\View->render('pages/kids/intro', [], true)
 5 APPPATH\Controllers\KidsController.php(37): view('pages/kids/intro', [...])
 6 SYSTEMPATH\CodeIgniter.php(927): App\Controllers\KidsController->view('intro')
 7 SYSTEMPATH\CodeIgniter.php(482): CodeIgniter\CodeIgniter->runController(Object(App\Controllers\KidsController))
 8 SYSTEMPATH\CodeIgniter.php(351): CodeIgniter\CodeIgniter->handleRequest(null, Object(Config\Cache), false)
 9 FCPATH\index.php(67): CodeIgniter\CodeIgniter->run()
CRITICAL - 2022-12-02 04:36:40 --> Trying to get property 'idExercises' of non-object
in APPPATH\Views\pages\kids\intro.php on line 6.
 1 APPPATH\Views\pages\kids\intro.php(6): CodeIgniter\Debug\Exceptions->errorHandler(8, 'Trying to get property \'idExercises\' of non-object', 'APPPATH\\Views\\pages\\kids\\intro.php', 6, [...])
 2 SYSTEMPATH\View\View.php(213): include('APPPATH\\Views\\pages\\kids\\intro.php')
 3 SYSTEMPATH\View\View.php(216): CodeIgniter\View\View->CodeIgniter\View\{closure}()
 4 SYSTEMPATH\Common.php(1134): CodeIgniter\View\View->render('pages/kids/intro', [], true)
 5 APPPATH\Controllers\KidsController.php(37): view('pages/kids/intro', [...])
 6 SYSTEMPATH\CodeIgniter.php(927): App\Controllers\KidsController->view('intro')
 7 SYSTEMPATH\CodeIgniter.php(482): CodeIgniter\CodeIgniter->runController(Object(App\Controllers\KidsController))
 8 SYSTEMPATH\CodeIgniter.php(351): CodeIgniter\CodeIgniter->handleRequest(null, Object(Config\Cache), false)
 9 FCPATH\index.php(67): CodeIgniter\CodeIgniter->run()
CRITICAL - 2022-12-02 04:37:46 --> Trying to get property 'idExercises' of non-object
in APPPATH\Views\pages\kids\intro.php on line 6.
 1 APPPATH\Views\pages\kids\intro.php(6): CodeIgniter\Debug\Exceptions->errorHandler(8, 'Trying to get property \'idExercises\' of non-object', 'APPPATH\\Views\\pages\\kids\\intro.php', 6, [...])
 2 SYSTEMPATH\View\View.php(213): include('APPPATH\\Views\\pages\\kids\\intro.php')
 3 SYSTEMPATH\View\View.php(216): CodeIgniter\View\View->CodeIgniter\View\{closure}()
 4 SYSTEMPATH\Common.php(1134): CodeIgniter\View\View->render('pages/kids/intro', [], true)
 5 APPPATH\Controllers\KidsController.php(37): view('pages/kids/intro', [...])
 6 SYSTEMPATH\CodeIgniter.php(927): App\Controllers\KidsController->view('intro')
 7 SYSTEMPATH\CodeIgniter.php(482): CodeIgniter\CodeIgniter->runController(Object(App\Controllers\KidsController))
 8 SYSTEMPATH\CodeIgniter.php(351): CodeIgniter\CodeIgniter->handleRequest(null, Object(Config\Cache), false)
 9 FCPATH\index.php(67): CodeIgniter\CodeIgniter->run()
CRITICAL - 2022-12-02 04:37:52 --> Trying to get property 'idExercises' of non-object
in APPPATH\Views\pages\kids\intro.php on line 6.
 1 APPPATH\Views\pages\kids\intro.php(6): CodeIgniter\Debug\Exceptions->errorHandler(8, 'Trying to get property \'idExercises\' of non-object', 'APPPATH\\Views\\pages\\kids\\intro.php', 6, [...])
 2 SYSTEMPATH\View\View.php(213): include('APPPATH\\Views\\pages\\kids\\intro.php')
 3 SYSTEMPATH\View\View.php(216): CodeIgniter\View\View->CodeIgniter\View\{closure}()
 4 SYSTEMPATH\Common.php(1134): CodeIgniter\View\View->render('pages/kids/intro', [], true)
 5 APPPATH\Controllers\KidsController.php(37): view('pages/kids/intro', [...])
 6 SYSTEMPATH\CodeIgniter.php(927): App\Controllers\KidsController->view('intro')
 7 SYSTEMPATH\CodeIgniter.php(482): CodeIgniter\CodeIgniter->runController(Object(App\Controllers\KidsController))
 8 SYSTEMPATH\CodeIgniter.php(351): CodeIgniter\CodeIgniter->handleRequest(null, Object(Config\Cache), false)
 9 FCPATH\index.php(67): CodeIgniter\CodeIgniter->run()
CRITICAL - 2022-12-02 04:38:33 --> Trying to get property 'idExercises' of non-object
in APPPATH\Views\pages\kids\intro.php on line 6.
 1 APPPATH\Views\pages\kids\intro.php(6): CodeIgniter\Debug\Exceptions->errorHandler(8, 'Trying to get property \'idExercises\' of non-object', 'APPPATH\\Views\\pages\\kids\\intro.php', 6, [...])
 2 SYSTEMPATH\View\View.php(213): include('APPPATH\\Views\\pages\\kids\\intro.php')
 3 SYSTEMPATH\View\View.php(216): CodeIgniter\View\View->CodeIgniter\View\{closure}()
 4 SYSTEMPATH\Common.php(1134): CodeIgniter\View\View->render('pages/kids/intro', [], true)
 5 APPPATH\Controllers\KidsController.php(37): view('pages/kids/intro', [...])
 6 SYSTEMPATH\CodeIgniter.php(927): App\Controllers\KidsController->view('intro')
 7 SYSTEMPATH\CodeIgniter.php(482): CodeIgniter\CodeIgniter->runController(Object(App\Controllers\KidsController))
 8 SYSTEMPATH\CodeIgniter.php(351): CodeIgniter\CodeIgniter->handleRequest(null, Object(Config\Cache), false)
 9 FCPATH\index.php(67): CodeIgniter\CodeIgniter->run()
CRITICAL - 2022-12-02 04:39:53 --> Trying to get property 'idExercises' of non-object
in APPPATH\Views\pages\kids\intro.php on line 6.
 1 APPPATH\Views\pages\kids\intro.php(6): CodeIgniter\Debug\Exceptions->errorHandler(8, 'Trying to get property \'idExercises\' of non-object', 'APPPATH\\Views\\pages\\kids\\intro.php', 6, [...])
 2 SYSTEMPATH\View\View.php(213): include('APPPATH\\Views\\pages\\kids\\intro.php')
 3 SYSTEMPATH\View\View.php(216): CodeIgniter\View\View->CodeIgniter\View\{closure}()
 4 SYSTEMPATH\Common.php(1134): CodeIgniter\View\View->render('pages/kids/intro', [], true)
 5 APPPATH\Controllers\KidsController.php(37): view('pages/kids/intro', [...])
 6 SYSTEMPATH\CodeIgniter.php(927): App\Controllers\KidsController->view('intro')
 7 SYSTEMPATH\CodeIgniter.php(482): CodeIgniter\CodeIgniter->runController(Object(App\Controllers\KidsController))
 8 SYSTEMPATH\CodeIgniter.php(351): CodeIgniter\CodeIgniter->handleRequest(null, Object(Config\Cache), false)
 9 FCPATH\index.php(67): CodeIgniter\CodeIgniter->run()
CRITICAL - 2022-12-02 04:39:58 --> Trying to get property 'idExercises' of non-object
in APPPATH\Views\pages\kids\intro.php on line 6.
 1 APPPATH\Views\pages\kids\intro.php(6): CodeIgniter\Debug\Exceptions->errorHandler(8, 'Trying to get property \'idExercises\' of non-object', 'APPPATH\\Views\\pages\\kids\\intro.php', 6, [...])
 2 SYSTEMPATH\View\View.php(213): include('APPPATH\\Views\\pages\\kids\\intro.php')
 3 SYSTEMPATH\View\View.php(216): CodeIgniter\View\View->CodeIgniter\View\{closure}()
 4 SYSTEMPATH\Common.php(1134): CodeIgniter\View\View->render('pages/kids/intro', [], true)
 5 APPPATH\Controllers\KidsController.php(37): view('pages/kids/intro', [...])
 6 SYSTEMPATH\CodeIgniter.php(927): App\Controllers\KidsController->view('intro')
 7 SYSTEMPATH\CodeIgniter.php(482): CodeIgniter\CodeIgniter->runController(Object(App\Controllers\KidsController))
 8 SYSTEMPATH\CodeIgniter.php(351): CodeIgniter\CodeIgniter->handleRequest(null, Object(Config\Cache), false)
 9 FCPATH\index.php(67): CodeIgniter\CodeIgniter->run()
CRITICAL - 2022-12-02 04:45:49 --> Trying to get property 'idExercises' of non-object
in APPPATH\Views\pages\kids\intro.php on line 6.
 1 APPPATH\Views\pages\kids\intro.php(6): CodeIgniter\Debug\Exceptions->errorHandler(8, 'Trying to get property \'idExercises\' of non-object', 'APPPATH\\Views\\pages\\kids\\intro.php', 6, [...])
 2 SYSTEMPATH\View\View.php(213): include('APPPATH\\Views\\pages\\kids\\intro.php')
 3 SYSTEMPATH\View\View.php(216): CodeIgniter\View\View->CodeIgniter\View\{closure}()
 4 SYSTEMPATH\Common.php(1134): CodeIgniter\View\View->render('pages/kids/intro', [], true)
 5 APPPATH\Controllers\KidsController.php(37): view('pages/kids/intro', [...])
 6 SYSTEMPATH\CodeIgniter.php(927): App\Controllers\KidsController->view('intro')
 7 SYSTEMPATH\CodeIgniter.php(482): CodeIgniter\CodeIgniter->runController(Object(App\Controllers\KidsController))
 8 SYSTEMPATH\CodeIgniter.php(351): CodeIgniter\CodeIgniter->handleRequest(null, Object(Config\Cache), false)
 9 FCPATH\index.php(67): CodeIgniter\CodeIgniter->run()
CRITICAL - 2022-12-02 04:45:50 --> Trying to get property 'idExercises' of non-object
in APPPATH\Views\pages\kids\intro.php on line 6.
 1 APPPATH\Views\pages\kids\intro.php(6): CodeIgniter\Debug\Exceptions->errorHandler(8, 'Trying to get property \'idExercises\' of non-object', 'APPPATH\\Views\\pages\\kids\\intro.php', 6, [...])
 2 SYSTEMPATH\View\View.php(213): include('APPPATH\\Views\\pages\\kids\\intro.php')
 3 SYSTEMPATH\View\View.php(216): CodeIgniter\View\View->CodeIgniter\View\{closure}()
 4 SYSTEMPATH\Common.php(1134): CodeIgniter\View\View->render('pages/kids/intro', [], true)
 5 APPPATH\Controllers\KidsController.php(37): view('pages/kids/intro', [...])
 6 SYSTEMPATH\CodeIgniter.php(927): App\Controllers\KidsController->view('intro')
 7 SYSTEMPATH\CodeIgniter.php(482): CodeIgniter\CodeIgniter->runController(Object(App\Controllers\KidsController))
 8 SYSTEMPATH\CodeIgniter.php(351): CodeIgniter\CodeIgniter->handleRequest(null, Object(Config\Cache), false)
 9 FCPATH\index.php(67): CodeIgniter\CodeIgniter->run()
CRITICAL - 2022-12-02 04:45:50 --> Trying to get property 'idExercises' of non-object
in APPPATH\Views\pages\kids\intro.php on line 6.
 1 APPPATH\Views\pages\kids\intro.php(6): CodeIgniter\Debug\Exceptions->errorHandler(8, 'Trying to get property \'idExercises\' of non-object', 'APPPATH\\Views\\pages\\kids\\intro.php', 6, [...])
 2 SYSTEMPATH\View\View.php(213): include('APPPATH\\Views\\pages\\kids\\intro.php')
 3 SYSTEMPATH\View\View.php(216): CodeIgniter\View\View->CodeIgniter\View\{closure}()
 4 SYSTEMPATH\Common.php(1134): CodeIgniter\View\View->render('pages/kids/intro', [], true)
 5 APPPATH\Controllers\KidsController.php(37): view('pages/kids/intro', [...])
 6 SYSTEMPATH\CodeIgniter.php(927): App\Controllers\KidsController->view('intro')
 7 SYSTEMPATH\CodeIgniter.php(482): CodeIgniter\CodeIgniter->runController(Object(App\Controllers\KidsController))
 8 SYSTEMPATH\CodeIgniter.php(351): CodeIgniter\CodeIgniter->handleRequest(null, Object(Config\Cache), false)
 9 FCPATH\index.php(67): CodeIgniter\CodeIgniter->run()
CRITICAL - 2022-12-02 04:45:51 --> Trying to get property 'idExercises' of non-object
in APPPATH\Views\pages\kids\intro.php on line 6.
 1 APPPATH\Views\pages\kids\intro.php(6): CodeIgniter\Debug\Exceptions->errorHandler(8, 'Trying to get property \'idExercises\' of non-object', 'APPPATH\\Views\\pages\\kids\\intro.php', 6, [...])
 2 SYSTEMPATH\View\View.php(213): include('APPPATH\\Views\\pages\\kids\\intro.php')
 3 SYSTEMPATH\View\View.php(216): CodeIgniter\View\View->CodeIgniter\View\{closure}()
 4 SYSTEMPATH\Common.php(1134): CodeIgniter\View\View->render('pages/kids/intro', [], true)
 5 APPPATH\Controllers\KidsController.php(37): view('pages/kids/intro', [...])
 6 SYSTEMPATH\CodeIgniter.php(927): App\Controllers\KidsController->view('intro')
 7 SYSTEMPATH\CodeIgniter.php(482): CodeIgniter\CodeIgniter->runController(Object(App\Controllers\KidsController))
 8 SYSTEMPATH\CodeIgniter.php(351): CodeIgniter\CodeIgniter->handleRequest(null, Object(Config\Cache), false)
 9 FCPATH\index.php(67): CodeIgniter\CodeIgniter->run()
CRITICAL - 2022-12-02 04:45:51 --> Trying to get property 'idExercises' of non-object
in APPPATH\Views\pages\kids\intro.php on line 6.
 1 APPPATH\Views\pages\kids\intro.php(6): CodeIgniter\Debug\Exceptions->errorHandler(8, 'Trying to get property \'idExercises\' of non-object', 'APPPATH\\Views\\pages\\kids\\intro.php', 6, [...])
 2 SYSTEMPATH\View\View.php(213): include('APPPATH\\Views\\pages\\kids\\intro.php')
 3 SYSTEMPATH\View\View.php(216): CodeIgniter\View\View->CodeIgniter\View\{closure}()
 4 SYSTEMPATH\Common.php(1134): CodeIgniter\View\View->render('pages/kids/intro', [], true)
 5 APPPATH\Controllers\KidsController.php(37): view('pages/kids/intro', [...])
 6 SYSTEMPATH\CodeIgniter.php(927): App\Controllers\KidsController->view('intro')
 7 SYSTEMPATH\CodeIgniter.php(482): CodeIgniter\CodeIgniter->runController(Object(App\Controllers\KidsController))
 8 SYSTEMPATH\CodeIgniter.php(351): CodeIgniter\CodeIgniter->handleRequest(null, Object(Config\Cache), false)
 9 FCPATH\index.php(67): CodeIgniter\CodeIgniter->run()
CRITICAL - 2022-12-02 04:45:51 --> Trying to get property 'idExercises' of non-object
in APPPATH\Views\pages\kids\intro.php on line 6.
 1 APPPATH\Views\pages\kids\intro.php(6): CodeIgniter\Debug\Exceptions->errorHandler(8, 'Trying to get property \'idExercises\' of non-object', 'APPPATH\\Views\\pages\\kids\\intro.php', 6, [...])
 2 SYSTEMPATH\View\View.php(213): include('APPPATH\\Views\\pages\\kids\\intro.php')
 3 SYSTEMPATH\View\View.php(216): CodeIgniter\View\View->CodeIgniter\View\{closure}()
 4 SYSTEMPATH\Common.php(1134): CodeIgniter\View\View->render('pages/kids/intro', [], true)
 5 APPPATH\Controllers\KidsController.php(37): view('pages/kids/intro', [...])
 6 SYSTEMPATH\CodeIgniter.php(927): App\Controllers\KidsController->view('intro')
 7 SYSTEMPATH\CodeIgniter.php(482): CodeIgniter\CodeIgniter->runController(Object(App\Controllers\KidsController))
 8 SYSTEMPATH\CodeIgniter.php(351): CodeIgniter\CodeIgniter->handleRequest(null, Object(Config\Cache), false)
 9 FCPATH\index.php(67): CodeIgniter\CodeIgniter->run()
CRITICAL - 2022-12-02 04:45:55 --> Trying to get property 'idExercises' of non-object
in APPPATH\Views\pages\kids\feedback.php on line 6.
 1 APPPATH\Views\pages\kids\feedback.php(6): CodeIgniter\Debug\Exceptions->errorHandler(8, 'Trying to get property \'idExercises\' of non-object', 'APPPATH\\Views\\pages\\kids\\feedback.php', 6, [...])
 2 SYSTEMPATH\View\View.php(213): include('APPPATH\\Views\\pages\\kids\\feedback.php')
 3 SYSTEMPATH\View\View.php(216): CodeIgniter\View\View->CodeIgniter\View\{closure}()
 4 SYSTEMPATH\Common.php(1134): CodeIgniter\View\View->render('pages/kids/feedback', [], true)
 5 APPPATH\Controllers\KidsController.php(37): view('pages/kids/feedback', [...])
 6 SYSTEMPATH\CodeIgniter.php(927): App\Controllers\KidsController->view('feedback')
 7 SYSTEMPATH\CodeIgniter.php(482): CodeIgniter\CodeIgniter->runController(Object(App\Controllers\KidsController))
 8 SYSTEMPATH\CodeIgniter.php(351): CodeIgniter\CodeIgniter->handleRequest(null, Object(Config\Cache), false)
 9 FCPATH\index.php(67): CodeIgniter\CodeIgniter->run()
CRITICAL - 2022-12-02 04:48:52 --> Trying to get property 'idExercises' of non-object
in APPPATH\Views\pages\kids\intro.php on line 6.
 1 APPPATH\Views\pages\kids\intro.php(6): CodeIgniter\Debug\Exceptions->errorHandler(8, 'Trying to get property \'idExercises\' of non-object', 'APPPATH\\Views\\pages\\kids\\intro.php', 6, [...])
 2 SYSTEMPATH\View\View.php(213): include('APPPATH\\Views\\pages\\kids\\intro.php')
 3 SYSTEMPATH\View\View.php(216): CodeIgniter\View\View->CodeIgniter\View\{closure}()
 4 SYSTEMPATH\Common.php(1134): CodeIgniter\View\View->render('pages/kids/intro', [], true)
 5 APPPATH\Controllers\KidsController.php(37): view('pages/kids/intro', [...])
 6 SYSTEMPATH\CodeIgniter.php(927): App\Controllers\KidsController->view('intro')
 7 SYSTEMPATH\CodeIgniter.php(482): CodeIgniter\CodeIgniter->runController(Object(App\Controllers\KidsController))
 8 SYSTEMPATH\CodeIgniter.php(351): CodeIgniter\CodeIgniter->handleRequest(null, Object(Config\Cache), false)
 9 FCPATH\index.php(67): CodeIgniter\CodeIgniter->run()
CRITICAL - 2022-12-02 04:51:17 --> Trying to get property 'idExercises' of non-object
in APPPATH\Views\pages\kids\intro.php on line 6.
 1 APPPATH\Views\pages\kids\intro.php(6): CodeIgniter\Debug\Exceptions->errorHandler(8, 'Trying to get property \'idExercises\' of non-object', 'APPPATH\\Views\\pages\\kids\\intro.php', 6, [...])
 2 SYSTEMPATH\View\View.php(213): include('APPPATH\\Views\\pages\\kids\\intro.php')
 3 SYSTEMPATH\View\View.php(216): CodeIgniter\View\View->CodeIgniter\View\{closure}()
 4 SYSTEMPATH\Common.php(1134): CodeIgniter\View\View->render('pages/kids/intro', [], true)
 5 APPPATH\Controllers\KidsController.php(37): view('pages/kids/intro', [...])
 6 SYSTEMPATH\CodeIgniter.php(927): App\Controllers\KidsController->view('intro')
 7 SYSTEMPATH\CodeIgniter.php(482): CodeIgniter\CodeIgniter->runController(Object(App\Controllers\KidsController))
 8 SYSTEMPATH\CodeIgniter.php(351): CodeIgniter\CodeIgniter->handleRequest(null, Object(Config\Cache), false)
 9 FCPATH\index.php(67): CodeIgniter\CodeIgniter->run()
CRITICAL - 2022-12-02 04:55:20 --> Trying to get property 'name' of non-object
in APPPATH\Views\pages\kids\intro.php on line 7.
 1 APPPATH\Views\pages\kids\intro.php(7): CodeIgniter\Debug\Exceptions->errorHandler(8, 'Trying to get property \'name\' of non-object', 'APPPATH\\Views\\pages\\kids\\intro.php', 7, [...])
 2 SYSTEMPATH\View\View.php(213): include('APPPATH\\Views\\pages\\kids\\intro.php')
 3 SYSTEMPATH\View\View.php(216): CodeIgniter\View\View->CodeIgniter\View\{closure}()
 4 SYSTEMPATH\Common.php(1134): CodeIgniter\View\View->render('pages/kids/intro', [], true)
 5 APPPATH\Controllers\KidsController.php(37): view('pages/kids/intro', [...])
 6 SYSTEMPATH\CodeIgniter.php(927): App\Controllers\KidsController->view('intro')
 7 SYSTEMPATH\CodeIgniter.php(482): CodeIgniter\CodeIgniter->runController(Object(App\Controllers\KidsController))
 8 SYSTEMPATH\CodeIgniter.php(351): CodeIgniter\CodeIgniter->handleRequest(null, Object(Config\Cache), false)
 9 FCPATH\index.php(67): CodeIgniter\CodeIgniter->run()
CRITICAL - 2022-12-02 04:55:59 --> Trying to get property 'idExercises' of non-object
in APPPATH\Views\pages\kids\intro.php on line 6.
 1 APPPATH\Views\pages\kids\intro.php(6): CodeIgniter\Debug\Exceptions->errorHandler(8, 'Trying to get property \'idExercises\' of non-object', 'APPPATH\\Views\\pages\\kids\\intro.php', 6, [...])
 2 SYSTEMPATH\View\View.php(213): include('APPPATH\\Views\\pages\\kids\\intro.php')
 3 SYSTEMPATH\View\View.php(216): CodeIgniter\View\View->CodeIgniter\View\{closure}()
 4 SYSTEMPATH\Common.php(1134): CodeIgniter\View\View->render('pages/kids/intro', [], true)
 5 APPPATH\Controllers\KidsController.php(37): view('pages/kids/intro', [...])
 6 SYSTEMPATH\CodeIgniter.php(927): App\Controllers\KidsController->view('intro')
 7 SYSTEMPATH\CodeIgniter.php(482): CodeIgniter\CodeIgniter->runController(Object(App\Controllers\KidsController))
 8 SYSTEMPATH\CodeIgniter.php(351): CodeIgniter\CodeIgniter->handleRequest(null, Object(Config\Cache), false)
 9 FCPATH\index.php(67): CodeIgniter\CodeIgniter->run()
CRITICAL - 2022-12-02 04:56:50 --> Trying to get property 'idExercises' of non-object
in APPPATH\Views\pages\kids\intro.php on line 6.
 1 APPPATH\Views\pages\kids\intro.php(6): CodeIgniter\Debug\Exceptions->errorHandler(8, 'Trying to get property \'idExercises\' of non-object', 'APPPATH\\Views\\pages\\kids\\intro.php', 6, [...])
 2 SYSTEMPATH\View\View.php(213): include('APPPATH\\Views\\pages\\kids\\intro.php')
 3 SYSTEMPATH\View\View.php(216): CodeIgniter\View\View->CodeIgniter\View\{closure}()
 4 SYSTEMPATH\Common.php(1134): CodeIgniter\View\View->render('pages/kids/intro', [], true)
 5 APPPATH\Controllers\KidsController.php(37): view('pages/kids/intro', [...])
 6 SYSTEMPATH\CodeIgniter.php(927): App\Controllers\KidsController->view('intro')
 7 SYSTEMPATH\CodeIgniter.php(482): CodeIgniter\CodeIgniter->runController(Object(App\Controllers\KidsController))
 8 SYSTEMPATH\CodeIgniter.php(351): CodeIgniter\CodeIgniter->handleRequest(null, Object(Config\Cache), false)
 9 FCPATH\index.php(67): CodeIgniter\CodeIgniter->run()
CRITICAL - 2022-12-02 04:57:21 --> Trying to get property 'idExercises' of non-object
in APPPATH\Views\pages\kids\intro.php on line 6.
 1 APPPATH\Views\pages\kids\intro.php(6): CodeIgniter\Debug\Exceptions->errorHandler(8, 'Trying to get property \'idExercises\' of non-object', 'APPPATH\\Views\\pages\\kids\\intro.php', 6, [...])
 2 SYSTEMPATH\View\View.php(213): include('APPPATH\\Views\\pages\\kids\\intro.php')
 3 SYSTEMPATH\View\View.php(216): CodeIgniter\View\View->CodeIgniter\View\{closure}()
 4 SYSTEMPATH\Common.php(1134): CodeIgniter\View\View->render('pages/kids/intro', [], true)
 5 APPPATH\Controllers\KidsController.php(37): view('pages/kids/intro', [...])
 6 SYSTEMPATH\CodeIgniter.php(927): App\Controllers\KidsController->view('intro')
 7 SYSTEMPATH\CodeIgniter.php(482): CodeIgniter\CodeIgniter->runController(Object(App\Controllers\KidsController))
 8 SYSTEMPATH\CodeIgniter.php(351): CodeIgniter\CodeIgniter->handleRequest(null, Object(Config\Cache), false)
 9 FCPATH\index.php(67): CodeIgniter\CodeIgniter->run()
CRITICAL - 2022-12-02 04:57:59 --> Trying to get property 'idExercises' of non-object
in APPPATH\Views\pages\kids\intro.php on line 6.
 1 APPPATH\Views\pages\kids\intro.php(6): CodeIgniter\Debug\Exceptions->errorHandler(8, 'Trying to get property \'idExercises\' of non-object', 'APPPATH\\Views\\pages\\kids\\intro.php', 6, [...])
 2 SYSTEMPATH\View\View.php(213): include('APPPATH\\Views\\pages\\kids\\intro.php')
 3 SYSTEMPATH\View\View.php(216): CodeIgniter\View\View->CodeIgniter\View\{closure}()
 4 SYSTEMPATH\Common.php(1134): CodeIgniter\View\View->render('pages/kids/intro', [], true)
 5 APPPATH\Controllers\KidsController.php(37): view('pages/kids/intro', [...])
 6 SYSTEMPATH\CodeIgniter.php(927): App\Controllers\KidsController->view('intro')
 7 SYSTEMPATH\CodeIgniter.php(482): CodeIgniter\CodeIgniter->runController(Object(App\Controllers\KidsController))
 8 SYSTEMPATH\CodeIgniter.php(351): CodeIgniter\CodeIgniter->handleRequest(null, Object(Config\Cache), false)
 9 FCPATH\index.php(67): CodeIgniter\CodeIgniter->run()
CRITICAL - 2022-12-02 04:59:34 --> Trying to get property 'idExercises' of non-object
in APPPATH\Views\pages\kids\intro.php on line 6.
 1 APPPATH\Views\pages\kids\intro.php(6): CodeIgniter\Debug\Exceptions->errorHandler(8, 'Trying to get property \'idExercises\' of non-object', 'APPPATH\\Views\\pages\\kids\\intro.php', 6, [...])
 2 SYSTEMPATH\View\View.php(213): include('APPPATH\\Views\\pages\\kids\\intro.php')
 3 SYSTEMPATH\View\View.php(216): CodeIgniter\View\View->CodeIgniter\View\{closure}()
 4 SYSTEMPATH\Common.php(1134): CodeIgniter\View\View->render('pages/kids/intro', [], true)
 5 APPPATH\Controllers\KidsController.php(37): view('pages/kids/intro', [...])
 6 SYSTEMPATH\CodeIgniter.php(927): App\Controllers\KidsController->view('intro')
 7 SYSTEMPATH\CodeIgniter.php(482): CodeIgniter\CodeIgniter->runController(Object(App\Controllers\KidsController))
 8 SYSTEMPATH\CodeIgniter.php(351): CodeIgniter\CodeIgniter->handleRequest(null, Object(Config\Cache), false)
 9 FCPATH\index.php(67): CodeIgniter\CodeIgniter->run()
CRITICAL - 2022-12-02 05:00:08 --> Trying to get property 'idExercises' of non-object
in APPPATH\Views\pages\kids\intro.php on line 6.
 1 APPPATH\Views\pages\kids\intro.php(6): CodeIgniter\Debug\Exceptions->errorHandler(8, 'Trying to get property \'idExercises\' of non-object', 'APPPATH\\Views\\pages\\kids\\intro.php', 6, [...])
 2 SYSTEMPATH\View\View.php(213): include('APPPATH\\Views\\pages\\kids\\intro.php')
 3 SYSTEMPATH\View\View.php(216): CodeIgniter\View\View->CodeIgniter\View\{closure}()
 4 SYSTEMPATH\Common.php(1134): CodeIgniter\View\View->render('pages/kids/intro', [], true)
 5 APPPATH\Controllers\KidsController.php(37): view('pages/kids/intro', [...])
 6 SYSTEMPATH\CodeIgniter.php(927): App\Controllers\KidsController->view('intro')
 7 SYSTEMPATH\CodeIgniter.php(482): CodeIgniter\CodeIgniter->runController(Object(App\Controllers\KidsController))
 8 SYSTEMPATH\CodeIgniter.php(351): CodeIgniter\CodeIgniter->handleRequest(null, Object(Config\Cache), false)
 9 FCPATH\index.php(67): CodeIgniter\CodeIgniter->run()
CRITICAL - 2022-12-02 05:02:40 --> Trying to get property 'idExercises' of non-object
in APPPATH\Views\pages\kids\intro.php on line 6.
 1 APPPATH\Views\pages\kids\intro.php(6): CodeIgniter\Debug\Exceptions->errorHandler(8, 'Trying to get property \'idExercises\' of non-object', 'APPPATH\\Views\\pages\\kids\\intro.php', 6, [...])
 2 SYSTEMPATH\View\View.php(213): include('APPPATH\\Views\\pages\\kids\\intro.php')
 3 SYSTEMPATH\View\View.php(216): CodeIgniter\View\View->CodeIgniter\View\{closure}()
 4 SYSTEMPATH\Common.php(1134): CodeIgniter\View\View->render('pages/kids/intro', [], true)
 5 APPPATH\Controllers\KidsController.php(37): view('pages/kids/intro', [...])
 6 SYSTEMPATH\CodeIgniter.php(927): App\Controllers\KidsController->view('intro')
 7 SYSTEMPATH\CodeIgniter.php(482): CodeIgniter\CodeIgniter->runController(Object(App\Controllers\KidsController))
 8 SYSTEMPATH\CodeIgniter.php(351): CodeIgniter\CodeIgniter->handleRequest(null, Object(Config\Cache), false)
 9 FCPATH\index.php(67): CodeIgniter\CodeIgniter->run()
CRITICAL - 2022-12-02 05:04:01 --> Trying to get property 'idExercises' of non-object
in APPPATH\Views\pages\kids\intro.php on line 6.
 1 APPPATH\Views\pages\kids\intro.php(6): CodeIgniter\Debug\Exceptions->errorHandler(8, 'Trying to get property \'idExercises\' of non-object', 'APPPATH\\Views\\pages\\kids\\intro.php', 6, [...])
 2 SYSTEMPATH\View\View.php(213): include('APPPATH\\Views\\pages\\kids\\intro.php')
 3 SYSTEMPATH\View\View.php(216): CodeIgniter\View\View->CodeIgniter\View\{closure}()
 4 SYSTEMPATH\Common.php(1134): CodeIgniter\View\View->render('pages/kids/intro', [], true)
 5 APPPATH\Controllers\KidsController.php(37): view('pages/kids/intro', [...])
 6 SYSTEMPATH\CodeIgniter.php(927): App\Controllers\KidsController->view('intro')
 7 SYSTEMPATH\CodeIgniter.php(482): CodeIgniter\CodeIgniter->runController(Object(App\Controllers\KidsController))
 8 SYSTEMPATH\CodeIgniter.php(351): CodeIgniter\CodeIgniter->handleRequest(null, Object(Config\Cache), false)
 9 FCPATH\index.php(67): CodeIgniter\CodeIgniter->run()
CRITICAL - 2022-12-02 05:04:04 --> Trying to get property 'idExercises' of non-object
in APPPATH\Views\pages\kids\intro.php on line 6.
 1 APPPATH\Views\pages\kids\intro.php(6): CodeIgniter\Debug\Exceptions->errorHandler(8, 'Trying to get property \'idExercises\' of non-object', 'APPPATH\\Views\\pages\\kids\\intro.php', 6, [...])
 2 SYSTEMPATH\View\View.php(213): include('APPPATH\\Views\\pages\\kids\\intro.php')
 3 SYSTEMPATH\View\View.php(216): CodeIgniter\View\View->CodeIgniter\View\{closure}()
 4 SYSTEMPATH\Common.php(1134): CodeIgniter\View\View->render('pages/kids/intro', [], true)
 5 APPPATH\Controllers\KidsController.php(37): view('pages/kids/intro', [...])
 6 SYSTEMPATH\CodeIgniter.php(927): App\Controllers\KidsController->view('intro')
 7 SYSTEMPATH\CodeIgniter.php(482): CodeIgniter\CodeIgniter->runController(Object(App\Controllers\KidsController))
 8 SYSTEMPATH\CodeIgniter.php(351): CodeIgniter\CodeIgniter->handleRequest(null, Object(Config\Cache), false)
 9 FCPATH\index.php(67): CodeIgniter\CodeIgniter->run()
CRITICAL - 2022-12-02 05:04:06 --> Trying to get property 'idExercises' of non-object
in APPPATH\Views\pages\kids\intro.php on line 6.
 1 APPPATH\Views\pages\kids\intro.php(6): CodeIgniter\Debug\Exceptions->errorHandler(8, 'Trying to get property \'idExercises\' of non-object', 'APPPATH\\Views\\pages\\kids\\intro.php', 6, [...])
 2 SYSTEMPATH\View\View.php(213): include('APPPATH\\Views\\pages\\kids\\intro.php')
 3 SYSTEMPATH\View\View.php(216): CodeIgniter\View\View->CodeIgniter\View\{closure}()
 4 SYSTEMPATH\Common.php(1134): CodeIgniter\View\View->render('pages/kids/intro', [], true)
 5 APPPATH\Controllers\KidsController.php(37): view('pages/kids/intro', [...])
 6 SYSTEMPATH\CodeIgniter.php(927): App\Controllers\KidsController->view('intro')
 7 SYSTEMPATH\CodeIgniter.php(482): CodeIgniter\CodeIgniter->runController(Object(App\Controllers\KidsController))
 8 SYSTEMPATH\CodeIgniter.php(351): CodeIgniter\CodeIgniter->handleRequest(null, Object(Config\Cache), false)
 9 FCPATH\index.php(67): CodeIgniter\CodeIgniter->run()
CRITICAL - 2022-12-02 05:05:01 --> Trying to get property 'idExercises' of non-object
in APPPATH\Views\pages\kids\intro.php on line 6.
 1 APPPATH\Views\pages\kids\intro.php(6): CodeIgniter\Debug\Exceptions->errorHandler(8, 'Trying to get property \'idExercises\' of non-object', 'APPPATH\\Views\\pages\\kids\\intro.php', 6, [...])
 2 SYSTEMPATH\View\View.php(213): include('APPPATH\\Views\\pages\\kids\\intro.php')
 3 SYSTEMPATH\View\View.php(216): CodeIgniter\View\View->CodeIgniter\View\{closure}()
 4 SYSTEMPATH\Common.php(1134): CodeIgniter\View\View->render('pages/kids/intro', [], true)
 5 APPPATH\Controllers\KidsController.php(37): view('pages/kids/intro', [...])
 6 SYSTEMPATH\CodeIgniter.php(927): App\Controllers\KidsController->view('intro')
 7 SYSTEMPATH\CodeIgniter.php(482): CodeIgniter\CodeIgniter->runController(Object(App\Controllers\KidsController))
 8 SYSTEMPATH\CodeIgniter.php(351): CodeIgniter\CodeIgniter->handleRequest(null, Object(Config\Cache), false)
 9 FCPATH\index.php(67): CodeIgniter\CodeIgniter->run()
CRITICAL - 2022-12-02 05:05:17 --> Trying to get property 'idExercises' of non-object
in APPPATH\Views\pages\kids\feedback.php on line 6.
 1 APPPATH\Views\pages\kids\feedback.php(6): CodeIgniter\Debug\Exceptions->errorHandler(8, 'Trying to get property \'idExercises\' of non-object', 'APPPATH\\Views\\pages\\kids\\feedback.php', 6, [...])
 2 SYSTEMPATH\View\View.php(213): include('APPPATH\\Views\\pages\\kids\\feedback.php')
 3 SYSTEMPATH\View\View.php(216): CodeIgniter\View\View->CodeIgniter\View\{closure}()
 4 SYSTEMPATH\Common.php(1134): CodeIgniter\View\View->render('pages/kids/feedback', [], true)
 5 APPPATH\Controllers\KidsController.php(37): view('pages/kids/feedback', [...])
 6 SYSTEMPATH\CodeIgniter.php(927): App\Controllers\KidsController->view('feedback')
 7 SYSTEMPATH\CodeIgniter.php(482): CodeIgniter\CodeIgniter->runController(Object(App\Controllers\KidsController))
 8 SYSTEMPATH\CodeIgniter.php(351): CodeIgniter\CodeIgniter->handleRequest(null, Object(Config\Cache), false)
 9 FCPATH\index.php(67): CodeIgniter\CodeIgniter->run()
CRITICAL - 2022-12-02 05:05:21 --> Trying to get property 'idExercises' of non-object
in APPPATH\Views\pages\kids\intro.php on line 6.
 1 APPPATH\Views\pages\kids\intro.php(6): CodeIgniter\Debug\Exceptions->errorHandler(8, 'Trying to get property \'idExercises\' of non-object', 'APPPATH\\Views\\pages\\kids\\intro.php', 6, [...])
 2 SYSTEMPATH\View\View.php(213): include('APPPATH\\Views\\pages\\kids\\intro.php')
 3 SYSTEMPATH\View\View.php(216): CodeIgniter\View\View->CodeIgniter\View\{closure}()
 4 SYSTEMPATH\Common.php(1134): CodeIgniter\View\View->render('pages/kids/intro', [], true)
 5 APPPATH\Controllers\KidsController.php(37): view('pages/kids/intro', [...])
 6 SYSTEMPATH\CodeIgniter.php(927): App\Controllers\KidsController->view('intro')
 7 SYSTEMPATH\CodeIgniter.php(482): CodeIgniter\CodeIgniter->runController(Object(App\Controllers\KidsController))
 8 SYSTEMPATH\CodeIgniter.php(351): CodeIgniter\CodeIgniter->handleRequest(null, Object(Config\Cache), false)
 9 FCPATH\index.php(67): CodeIgniter\CodeIgniter->run()
CRITICAL - 2022-12-02 08:30:31 --> Invalid argument supplied for foreach()
in APPPATH\Views\pages\kids\feedback.php on line 5.
 1 APPPATH\Views\pages\kids\feedback.php(5): CodeIgniter\Debug\Exceptions->errorHandler(2, 'Invalid argument supplied for foreach()', 'APPPATH\\Views\\pages\\kids\\feedback.php', 5, [...])
 2 SYSTEMPATH\View\View.php(213): include('APPPATH\\Views\\pages\\kids\\feedback.php')
 3 SYSTEMPATH\View\View.php(216): CodeIgniter\View\View->CodeIgniter\View\{closure}()
 4 SYSTEMPATH\Common.php(1134): CodeIgniter\View\View->render('pages/kids/feedback', [], true)
 5 APPPATH\Controllers\KidsController.php(46): view('pages/kids/feedback', [...])
 6 SYSTEMPATH\CodeIgniter.php(927): App\Controllers\KidsController->feedback()
 7 SYSTEMPATH\CodeIgniter.php(482): CodeIgniter\CodeIgniter->runController(Object(App\Controllers\KidsController))
 8 SYSTEMPATH\CodeIgniter.php(351): CodeIgniter\CodeIgniter->handleRequest(null, Object(Config\Cache), false)
 9 FCPATH\index.php(67): CodeIgniter\CodeIgniter->run()
